#
# There is insufficient memory for the Java Runtime Environment to continue.
# Native memory allocation (malloc) failed to allocate 1196336 bytes. Error detail: Chunk::new
# Possible reasons:
#   The system is out of physical RAM or swap space
#   This process is running with CompressedOops enabled, and the Java Heap may be blocking the growth of the native heap
# Possible solutions:
#   Reduce memory load on the system
#   Increase physical memory or swap space
#   Check if swap backing store is full
#   Decrease Java heap size (-Xmx/-Xms)
#   Decrease number of Java threads
#   Decrease Java thread stack sizes (-Xss)
#   Set larger code cache with -XX:ReservedCodeCacheSize=
#   JVM is running with Unscaled Compressed Oops mode in which the Java heap is
#     placed in the first 4GB address space. The Java Heap base address is the
#     maximum limit for the native heap growth. Please use -XX:HeapBaseMinAddress
#     to set the Java Heap base and to place the Java Heap above 4GB virtual address.
# This output file may be truncated or incomplete.
#
#  Out of Memory Error (arena.cpp:168), pid=14344, tid=18980
#
# JRE version: OpenJDK Runtime Environment (21.0.8) (build 21.0.8+-14196175-b1038.72)
# Java VM: OpenJDK 64-Bit Server VM (21.0.8+-14196175-b1038.72, mixed mode, tiered, compressed oops, compressed class ptrs, g1 gc, windows-amd64)
# No core dump will be written. Minidumps are not enabled by default on client versions of Windows
#

---------------  S U M M A R Y ------------

Command Line: --add-opens=java.base/java.lang=ALL-UNNAMED --add-opens=java.base/java.lang.invoke=ALL-UNNAMED --add-opens=java.base/java.util=ALL-UNNAMED --add-opens=java.prefs/java.util.prefs=ALL-UNNAMED --add-exports=jdk.compiler/com.sun.tools.javac.api=ALL-UNNAMED --add-exports=jdk.compiler/com.sun.tools.javac.util=ALL-UNNAMED --add-opens=java.base/java.util=ALL-UNNAMED --add-opens=java.prefs/java.util.prefs=ALL-UNNAMED --add-opens=java.base/java.nio.charset=ALL-UNNAMED --add-opens=java.base/java.net=ALL-UNNAMED --add-opens=java.base/java.util.concurrent.atomic=ALL-UNNAMED --add-opens=java.xml/javax.xml.namespace=ALL-UNNAMED -Xmx2g -Dfile.encoding=UTF-8 -Duser.country=CN -Duser.language=zh -Duser.variant -javaagent:C:\Users\jane\.gradle\wrapper\dists\gradle-9.0-milestone-1-bin\3vdepk4s12bybhohyuvjcm1bd\gradle-9.0-milestone-1\lib\agents\gradle-instrumentation-agent-9.0.jar org.gradle.launcher.daemon.bootstrap.GradleDaemon 9.0-milestone-1

Host: AMD Ryzen 5 6600H with Radeon Graphics         , 12 cores, 15G,  Windows 11 , 64 bit Build 26100 (10.0.26100.7623)
Time: Wed Jan 28 21:03:03 2026 elapsed time: 3.921588 seconds (0d 0h 0m 3s)

---------------  T H R E A D  ---------------

Current thread (0x00000292ef614e50):  JavaThread "C2 CompilerThread0" daemon [_thread_in_native, id=18980, stack(0x0000009965000000,0x0000009965100000) (1024K)]


Current CompileTask:
C2:3921 2752       4       java.lang.invoke.MethodType::makeImpl (109 bytes)

Stack: [0x0000009965000000,0x0000009965100000]
Native frames: (J=compiled Java code, j=interpreted, Vv=VM code, C=native code)
V  [jvm.dll+0x6d68d9]
V  [jvm.dll+0x866693]
V  [jvm.dll+0x868c4e]
V  [jvm.dll+0x869333]
V  [jvm.dll+0x280566]
V  [jvm.dll+0xc07cd]
V  [jvm.dll+0xc0d03]
V  [jvm.dll+0x3b95e1]
V  [jvm.dll+0x1dfb24]
V  [jvm.dll+0x2493a4]
V  [jvm.dll+0x248821]
V  [jvm.dll+0x1c73a4]
V  [jvm.dll+0x257f9e]
V  [jvm.dll+0x2564e6]
V  [jvm.dll+0x3f4696]
V  [jvm.dll+0x80eac8]
V  [jvm.dll+0x6d512d]
C  [ucrtbase.dll+0x37b0]
C  [KERNEL32.DLL+0x2e8d7]
C  [ntdll.dll+0x8c53c]


---------------  P R O C E S S  ---------------

Threads class SMR info:
_java_thread_list=0x00000292f61bdbe0, length=25, elements={
0x00000292d566a2a0, 0x00000292ef5a5700, 0x00000292ef5ddd30, 0x00000292ef5f1330,
0x00000292ef617410, 0x00000292ef609eb0, 0x00000292ef60a910, 0x00000292ef6143f0,
0x00000292ef614e50, 0x00000292ef6158f0, 0x00000292ef8ae510, 0x00000292f5a221a0,
0x00000292f5447020, 0x00000292f5a681e0, 0x00000292f5ab4b00, 0x00000292f5abd180,
0x00000292f5adce90, 0x00000292f5c140f0, 0x00000292f5c14e10, 0x00000292f5c126b0,
0x00000292f5c154a0, 0x00000292f5c12020, 0x00000292f5c12d40, 0x00000292f5eb44a0,
0x00000292f5c133d0
}

Java Threads: ( => current thread )
  0x00000292d566a2a0 JavaThread "main"                              [_thread_blocked, id=29072, stack(0x0000009964100000,0x0000009964200000) (1024K)]
  0x00000292ef5a5700 JavaThread "Common-Cleaner"             daemon [_thread_blocked, id=30032, stack(0x0000009964900000,0x0000009964a00000) (1024K)]
  0x00000292ef5ddd30 JavaThread "Reference Handler"          daemon [_thread_blocked, id=30196, stack(0x0000009964a00000,0x0000009964b00000) (1024K)]
  0x00000292ef5f1330 JavaThread "Finalizer"                  daemon [_thread_blocked, id=27036, stack(0x0000009964b00000,0x0000009964c00000) (1024K)]
  0x00000292ef617410 JavaThread "Signal Dispatcher"          daemon [_thread_blocked, id=28156, stack(0x0000009964c00000,0x0000009964d00000) (1024K)]
  0x00000292ef609eb0 JavaThread "Attach Listener"            daemon [_thread_blocked, id=29652, stack(0x0000009964d00000,0x0000009964e00000) (1024K)]
  0x00000292ef60a910 JavaThread "Service Thread"             daemon [_thread_blocked, id=22100, stack(0x0000009964e00000,0x0000009964f00000) (1024K)]
  0x00000292ef6143f0 JavaThread "Monitor Deflation Thread"   daemon [_thread_blocked, id=3848, stack(0x0000009964f00000,0x0000009965000000) (1024K)]
=>0x00000292ef614e50 JavaThread "C2 CompilerThread0"         daemon [_thread_in_native, id=18980, stack(0x0000009965000000,0x0000009965100000) (1024K)]
  0x00000292ef6158f0 JavaThread "C1 CompilerThread0"         daemon [_thread_blocked, id=29452, stack(0x0000009965100000,0x0000009965200000) (1024K)]
  0x00000292ef8ae510 JavaThread "Notification Thread"        daemon [_thread_blocked, id=26712, stack(0x0000009965200000,0x0000009965300000) (1024K)]
  0x00000292f5a221a0 JavaThread "Daemon health stats"               [_thread_blocked, id=28628, stack(0x0000009965400000,0x0000009965500000) (1024K)]
  0x00000292f5447020 JavaThread "Incoming local TCP Connector on port 8066"        [_thread_in_native, id=19040, stack(0x0000009965900000,0x0000009965a00000) (1024K)]
  0x00000292f5a681e0 JavaThread "Daemon periodic checks"            [_thread_blocked, id=24276, stack(0x0000009965a00000,0x0000009965b00000) (1024K)]
  0x00000292f5ab4b00 JavaThread "Daemon"                            [_thread_blocked, id=21364, stack(0x0000009965b00000,0x0000009965c00000) (1024K)]
  0x00000292f5abd180 JavaThread "Handler for socket connection from /127.0.0.1:8066 to /127.0.0.1:8068"        [_thread_in_native, id=20664, stack(0x0000009965c00000,0x0000009965d00000) (1024K)]
  0x00000292f5adce90 JavaThread "Cancel handler"                    [_thread_blocked, id=30676, stack(0x0000009965d00000,0x0000009965e00000) (1024K)]
  0x00000292f5c140f0 JavaThread "Daemon worker"                     [_thread_in_native, id=19396, stack(0x0000009965e00000,0x0000009965f00000) (1024K)]
  0x00000292f5c14e10 JavaThread "Asynchronous log dispatcher for DefaultDaemonConnection: socket connection from /127.0.0.1:8066 to /127.0.0.1:8068"        [_thread_blocked, id=10208, stack(0x0000009965f00000,0x0000009966000000) (1024K)]
  0x00000292f5c126b0 JavaThread "Stdin handler"                     [_thread_blocked, id=30012, stack(0x0000009966000000,0x0000009966100000) (1024K)]
  0x00000292f5c154a0 JavaThread "Daemon client event forwarder"        [_thread_blocked, id=27300, stack(0x0000009966100000,0x0000009966200000) (1024K)]
  0x00000292f5c12020 JavaThread "Cache worker for journal cache (C:\Users\jane\.gradle\caches\journal-1)"        [_thread_blocked, id=27232, stack(0x0000009965300000,0x0000009965400000) (1024K)]
  0x00000292f5c12d40 JavaThread "File lock request listener"        [_thread_in_native, id=29824, stack(0x0000009966900000,0x0000009966a00000) (1024K)]
  0x00000292f5eb44a0 JavaThread "C2 CompilerThread1"         daemon [_thread_blocked, id=21716, stack(0x0000009966a00000,0x0000009966b00000) (1024K)]
  0x00000292f5c133d0 JavaThread "Cache worker for file hash cache (C:\Users\jane\.gradle\caches\9.0-milestone-1\fileHashes)"        [_thread_blocked, id=22580, stack(0x0000009966b00000,0x0000009966c00000) (1024K)]
Total: 25

Other Threads:
  0x00000292ef5674f0 VMThread "VM Thread"                           [id=2760, stack(0x0000009964800000,0x0000009964900000) (1024K)]
  0x00000292ef44f9e0 WatcherThread "VM Periodic Task Thread"        [id=29588, stack(0x0000009964700000,0x0000009964800000) (1024K)]
  0x00000292d79c94e0 WorkerThread "GC Thread#0"                     [id=19748, stack(0x0000009964200000,0x0000009964300000) (1024K)]
  0x00000292f41e6b80 WorkerThread "GC Thread#1"                     [id=9396, stack(0x0000009965500000,0x0000009965600000) (1024K)]
  0x00000292f41e6f20 WorkerThread "GC Thread#2"                     [id=30444, stack(0x0000009965600000,0x0000009965700000) (1024K)]
  0x00000292f41e72c0 WorkerThread "GC Thread#3"                     [id=18428, stack(0x0000009965700000,0x0000009965800000) (1024K)]
  0x00000292f41e7660 WorkerThread "GC Thread#4"                     [id=29704, stack(0x0000009965800000,0x0000009965900000) (1024K)]
  0x00000292f5b32a60 WorkerThread "GC Thread#5"                     [id=26732, stack(0x0000009966200000,0x0000009966300000) (1024K)]
  0x00000292f5b32e00 WorkerThread "GC Thread#6"                     [id=26964, stack(0x0000009966300000,0x0000009966400000) (1024K)]
  0x00000292f5b331a0 WorkerThread "GC Thread#7"                     [id=24508, stack(0x0000009966400000,0x0000009966500000) (1024K)]
  0x00000292f5b33540 WorkerThread "GC Thread#8"                     [id=22680, stack(0x0000009966500000,0x0000009966600000) (1024K)]
  0x00000292f5b60ba0 WorkerThread "GC Thread#9"                     [id=20088, stack(0x0000009966600000,0x0000009966700000) (1024K)]
  0x00000292d7a1a010 ConcurrentGCThread "G1 Main Marker"            [id=20160, stack(0x0000009964300000,0x0000009964400000) (1024K)]
  0x00000292d7a1aa20 WorkerThread "G1 Conc#0"                       [id=28696, stack(0x0000009964400000,0x0000009964500000) (1024K)]
  0x00000292f5b60f40 WorkerThread "G1 Conc#1"                       [id=29948, stack(0x0000009966700000,0x0000009966800000) (1024K)]
  0x00000292f5b5fd20 WorkerThread "G1 Conc#2"                       [id=17508, stack(0x0000009966800000,0x0000009966900000) (1024K)]
  0x00000292ef3a6980 ConcurrentGCThread "G1 Refine#0"               [id=24532, stack(0x0000009964500000,0x0000009964600000) (1024K)]
  0x00000292ef3a81b0 ConcurrentGCThread "G1 Service"                [id=22280, stack(0x0000009964600000,0x0000009964700000) (1024K)]
Total: 18

Threads with active compile tasks:
C2 CompilerThread0  3943 2752       4       java.lang.invoke.MethodType::makeImpl (109 bytes)
Total: 1

VM state: not at safepoint (normal execution)

VM Mutex/Monitor currently owned by a thread: None

Heap address: 0x0000000080000000, size: 2048 MB, Compressed Oops mode: 32-bit

CDS archive(s) not mapped
Compressed class space mapped at: 0x0000000100000000-0x0000000140000000, reserved size: 1073741824
Narrow klass base: 0x0000000000000000, Narrow klass shift: 3, Narrow klass range: 0x140000000

GC Precious Log:
 CardTable entry size: 512
 Card Set container configuration: InlinePtr #cards 5 size 8 Array Of Cards #cards 12 size 40 Howl #buckets 4 coarsen threshold 1843 Howl Bitmap #cards 512 size 80 coarsen threshold 460 Card regions per heap region 1 cards per card region 2048
 CPUs: 12 total, 12 available
 Memory: 15556M
 Large Page Support: Disabled
 NUMA Support: Disabled
 Compressed Oops: Enabled (32-bit)
 Heap Region Size: 1M
 Heap Min Capacity: 8M
 Heap Initial Capacity: 244M
 Heap Max Capacity: 2G
 Pre-touch: Disabled
 Parallel Workers: 10
 Concurrent Workers: 3
 Concurrent Refinement Workers: 10
 Periodic GC: Disabled

Heap:
 garbage-first heap   total 68608K, used 59970K [0x0000000080000000, 0x0000000100000000)
  region size 1024K, 53 young (54272K), 13 survivors (13312K)
 Metaspace       used 27969K, committed 28480K, reserved 1114112K
  class space    used 3603K, committed 3840K, reserved 1048576K

Heap Regions: E=young(eden), S=young(survivor), O=old, HS=humongous(starts), HC=humongous(continues), CS=collection set, F=free, TAMS=top-at-mark-start, PB=parsable bottom
|   0|0x0000000080000000, 0x0000000080100000, 0x0000000080100000|100%|HS|  |TAMS 0x0000000080000000| PB 0x0000000080000000| Complete 
|   1|0x0000000080100000, 0x0000000080200000, 0x0000000080200000|100%|HC|  |TAMS 0x0000000080100000| PB 0x0000000080100000| Complete 
|   2|0x0000000080200000, 0x0000000080300000, 0x0000000080300000|100%|HC|  |TAMS 0x0000000080200000| PB 0x0000000080200000| Complete 
|   3|0x0000000080300000, 0x0000000080400000, 0x0000000080400000|100%| O|  |TAMS 0x0000000080300000| PB 0x0000000080300000| Untracked 
|   4|0x0000000080400000, 0x0000000080500000, 0x0000000080500000|100%| O|  |TAMS 0x0000000080400000| PB 0x0000000080400000| Untracked 
|   5|0x0000000080500000, 0x0000000080593240, 0x0000000080600000| 57%| O|Cm|TAMS 0x0000000080500000| PB 0x0000000080500000| Complete 
|   6|0x0000000080600000, 0x0000000080700000, 0x0000000080700000|100%|HS|  |TAMS 0x0000000080600000| PB 0x0000000080600000| Complete 
|   7|0x0000000080700000, 0x0000000080700000, 0x0000000080800000|  0%| F|  |TAMS 0x0000000080700000| PB 0x0000000080700000| Untracked 
|   8|0x0000000080800000, 0x0000000080800000, 0x0000000080900000|  0%| F|  |TAMS 0x0000000080800000| PB 0x0000000080800000| Untracked 
|   9|0x0000000080900000, 0x0000000080900000, 0x0000000080a00000|  0%| F|  |TAMS 0x0000000080900000| PB 0x0000000080900000| Untracked 
|  10|0x0000000080a00000, 0x0000000080a00000, 0x0000000080b00000|  0%| F|  |TAMS 0x0000000080a00000| PB 0x0000000080a00000| Untracked 
|  11|0x0000000080b00000, 0x0000000080b00000, 0x0000000080c00000|  0%| F|  |TAMS 0x0000000080b00000| PB 0x0000000080b00000| Untracked 
|  12|0x0000000080c00000, 0x0000000080c00000, 0x0000000080d00000|  0%| F|  |TAMS 0x0000000080c00000| PB 0x0000000080c00000| Untracked 
|  13|0x0000000080d00000, 0x0000000080d00000, 0x0000000080e00000|  0%| F|  |TAMS 0x0000000080d00000| PB 0x0000000080d00000| Untracked 
|  14|0x0000000080e00000, 0x0000000080e84238, 0x0000000080f00000| 51%| E|  |TAMS 0x0000000080e00000| PB 0x0000000080e00000| Complete 
|  15|0x0000000080f00000, 0x0000000081000000, 0x0000000081000000|100%| E|CS|TAMS 0x0000000080f00000| PB 0x0000000080f00000| Complete 
|  16|0x0000000081000000, 0x0000000081100000, 0x0000000081100000|100%| E|CS|TAMS 0x0000000081000000| PB 0x0000000081000000| Complete 
|  17|0x0000000081100000, 0x0000000081200000, 0x0000000081200000|100%| E|CS|TAMS 0x0000000081100000| PB 0x0000000081100000| Complete 
|  18|0x0000000081200000, 0x0000000081300000, 0x0000000081300000|100%| E|CS|TAMS 0x0000000081200000| PB 0x0000000081200000| Complete 
|  19|0x0000000081300000, 0x0000000081400000, 0x0000000081400000|100%| E|CS|TAMS 0x0000000081300000| PB 0x0000000081300000| Complete 
|  20|0x0000000081400000, 0x0000000081500000, 0x0000000081500000|100%| E|CS|TAMS 0x0000000081400000| PB 0x0000000081400000| Complete 
|  21|0x0000000081500000, 0x0000000081600000, 0x0000000081600000|100%| E|CS|TAMS 0x0000000081500000| PB 0x0000000081500000| Complete 
|  22|0x0000000081600000, 0x0000000081700000, 0x0000000081700000|100%| E|CS|TAMS 0x0000000081600000| PB 0x0000000081600000| Complete 
|  23|0x0000000081700000, 0x0000000081800000, 0x0000000081800000|100%| E|CS|TAMS 0x0000000081700000| PB 0x0000000081700000| Complete 
|  24|0x0000000081800000, 0x0000000081900000, 0x0000000081900000|100%| E|CS|TAMS 0x0000000081800000| PB 0x0000000081800000| Complete 
|  25|0x0000000081900000, 0x0000000081a00000, 0x0000000081a00000|100%| E|CS|TAMS 0x0000000081900000| PB 0x0000000081900000| Complete 
|  26|0x0000000081a00000, 0x0000000081b00000, 0x0000000081b00000|100%| E|CS|TAMS 0x0000000081a00000| PB 0x0000000081a00000| Complete 
|  27|0x0000000081b00000, 0x0000000081c00000, 0x0000000081c00000|100%| E|CS|TAMS 0x0000000081b00000| PB 0x0000000081b00000| Complete 
|  28|0x0000000081c00000, 0x0000000081d00000, 0x0000000081d00000|100%| E|CS|TAMS 0x0000000081c00000| PB 0x0000000081c00000| Complete 
|  29|0x0000000081d00000, 0x0000000081e00000, 0x0000000081e00000|100%| E|CS|TAMS 0x0000000081d00000| PB 0x0000000081d00000| Complete 
|  30|0x0000000081e00000, 0x0000000081f00000, 0x0000000081f00000|100%| E|CS|TAMS 0x0000000081e00000| PB 0x0000000081e00000| Complete 
|  31|0x0000000081f00000, 0x0000000082000000, 0x0000000082000000|100%| E|CS|TAMS 0x0000000081f00000| PB 0x0000000081f00000| Complete 
|  32|0x0000000082000000, 0x0000000082100000, 0x0000000082100000|100%| E|CS|TAMS 0x0000000082000000| PB 0x0000000082000000| Complete 
|  33|0x0000000082100000, 0x0000000082200000, 0x0000000082200000|100%| E|CS|TAMS 0x0000000082100000| PB 0x0000000082100000| Complete 
|  34|0x0000000082200000, 0x0000000082300000, 0x0000000082300000|100%| E|CS|TAMS 0x0000000082200000| PB 0x0000000082200000| Complete 
|  35|0x0000000082300000, 0x0000000082400000, 0x0000000082400000|100%| E|CS|TAMS 0x0000000082300000| PB 0x0000000082300000| Complete 
|  36|0x0000000082400000, 0x0000000082500000, 0x0000000082500000|100%| E|CS|TAMS 0x0000000082400000| PB 0x0000000082400000| Complete 
|  37|0x0000000082500000, 0x0000000082600000, 0x0000000082600000|100%| E|CS|TAMS 0x0000000082500000| PB 0x0000000082500000| Complete 
|  38|0x0000000082600000, 0x0000000082700000, 0x0000000082700000|100%| E|CS|TAMS 0x0000000082600000| PB 0x0000000082600000| Complete 
|  39|0x0000000082700000, 0x0000000082800000, 0x0000000082800000|100%| E|CS|TAMS 0x0000000082700000| PB 0x0000000082700000| Complete 
|  40|0x0000000082800000, 0x0000000082900000, 0x0000000082900000|100%| E|CS|TAMS 0x0000000082800000| PB 0x0000000082800000| Complete 
|  41|0x0000000082900000, 0x0000000082a00000, 0x0000000082a00000|100%| E|CS|TAMS 0x0000000082900000| PB 0x0000000082900000| Complete 
|  42|0x0000000082a00000, 0x0000000082b00000, 0x0000000082b00000|100%| E|CS|TAMS 0x0000000082a00000| PB 0x0000000082a00000| Complete 
|  43|0x0000000082b00000, 0x0000000082c00000, 0x0000000082c00000|100%| E|CS|TAMS 0x0000000082b00000| PB 0x0000000082b00000| Complete 
|  44|0x0000000082c00000, 0x0000000082d00000, 0x0000000082d00000|100%| E|CS|TAMS 0x0000000082c00000| PB 0x0000000082c00000| Complete 
|  45|0x0000000082d00000, 0x0000000082e00000, 0x0000000082e00000|100%| E|CS|TAMS 0x0000000082d00000| PB 0x0000000082d00000| Complete 
|  46|0x0000000082e00000, 0x0000000082f00000, 0x0000000082f00000|100%| E|CS|TAMS 0x0000000082e00000| PB 0x0000000082e00000| Complete 
|  47|0x0000000082f00000, 0x0000000083000000, 0x0000000083000000|100%| E|CS|TAMS 0x0000000082f00000| PB 0x0000000082f00000| Complete 
|  48|0x0000000083000000, 0x0000000083100000, 0x0000000083100000|100%| E|CS|TAMS 0x0000000083000000| PB 0x0000000083000000| Complete 
|  49|0x0000000083100000, 0x0000000083200000, 0x0000000083200000|100%| E|CS|TAMS 0x0000000083100000| PB 0x0000000083100000| Complete 
|  50|0x0000000083200000, 0x0000000083300000, 0x0000000083300000|100%| E|CS|TAMS 0x0000000083200000| PB 0x0000000083200000| Complete 
|  51|0x0000000083300000, 0x0000000083400000, 0x0000000083400000|100%| E|CS|TAMS 0x0000000083300000| PB 0x0000000083300000| Complete 
| 146|0x0000000089200000, 0x00000000892fd790, 0x0000000089300000| 99%| S|CS|TAMS 0x0000000089200000| PB 0x0000000089200000| Complete 
| 147|0x0000000089300000, 0x0000000089400000, 0x0000000089400000|100%| S|CS|TAMS 0x0000000089300000| PB 0x0000000089300000| Complete 
| 148|0x0000000089400000, 0x0000000089500000, 0x0000000089500000|100%| S|CS|TAMS 0x0000000089400000| PB 0x0000000089400000| Complete 
| 149|0x0000000089500000, 0x0000000089600000, 0x0000000089600000|100%| S|CS|TAMS 0x0000000089500000| PB 0x0000000089500000| Complete 
| 150|0x0000000089600000, 0x0000000089700000, 0x0000000089700000|100%| S|CS|TAMS 0x0000000089600000| PB 0x0000000089600000| Complete 
| 151|0x0000000089700000, 0x0000000089800000, 0x0000000089800000|100%| S|CS|TAMS 0x0000000089700000| PB 0x0000000089700000| Complete 
| 152|0x0000000089800000, 0x0000000089900000, 0x0000000089900000|100%| S|CS|TAMS 0x0000000089800000| PB 0x0000000089800000| Complete 
| 153|0x0000000089900000, 0x0000000089a00000, 0x0000000089a00000|100%| S|CS|TAMS 0x0000000089900000| PB 0x0000000089900000| Complete 
| 154|0x0000000089a00000, 0x0000000089b00000, 0x0000000089b00000|100%| S|CS|TAMS 0x0000000089a00000| PB 0x0000000089a00000| Complete 
| 155|0x0000000089b00000, 0x0000000089c00000, 0x0000000089c00000|100%| S|CS|TAMS 0x0000000089b00000| PB 0x0000000089b00000| Complete 
| 156|0x0000000089c00000, 0x0000000089d00000, 0x0000000089d00000|100%| S|CS|TAMS 0x0000000089c00000| PB 0x0000000089c00000| Complete 
| 157|0x0000000089d00000, 0x0000000089e00000, 0x0000000089e00000|100%| S|CS|TAMS 0x0000000089d00000| PB 0x0000000089d00000| Complete 
| 158|0x0000000089e00000, 0x0000000089f00000, 0x0000000089f00000|100%| S|CS|TAMS 0x0000000089e00000| PB 0x0000000089e00000| Complete 
| 242|0x000000008f200000, 0x000000008f300000, 0x000000008f300000|100%| E|CS|TAMS 0x000000008f200000| PB 0x000000008f200000| Complete 
| 243|0x000000008f300000, 0x000000008f400000, 0x000000008f400000|100%| E|CS|TAMS 0x000000008f300000| PB 0x000000008f300000| Complete 

Card table byte_map: [0x00000292ea410000,0x00000292ea810000] _byte_map_base: 0x00000292ea010000

Marking Bits: (CMBitMap*) 0x00000292d79cab00
 Bits: [0x00000292ea810000, 0x00000292ec810000)

Polling page: 0x00000292d5620000

Metaspace:

Usage:
  Non-class:     23.81 MB used.
      Class:      3.52 MB used.
       Both:     27.33 MB used.

Virtual space:
  Non-class space:       64.00 MB reserved,      24.06 MB ( 38%) committed,  1 nodes.
      Class space:        1.00 GB reserved,       3.75 MB ( <1%) committed,  1 nodes.
             Both:        1.06 GB reserved,      27.81 MB (  3%) committed. 

Chunk freelists:
   Non-Class:  7.56 MB
       Class:  12.30 MB
        Both:  19.86 MB

MaxMetaspaceSize: unlimited
CompressedClassSpaceSize: 1.00 GB
Initial GC threshold: 21.00 MB
Current GC threshold: 35.25 MB
CDS: off
 - commit_granule_bytes: 65536.
 - commit_granule_words: 8192.
 - virtual_space_node_default_size: 8388608.
 - enlarge_chunks_in_place: 1.
 - use_allocation_guard: 0.


Internal statistics:

num_allocs_failed_limit: 3.
num_arena_births: 668.
num_arena_deaths: 0.
num_vsnodes_births: 2.
num_vsnodes_deaths: 0.
num_space_committed: 445.
num_space_uncommitted: 0.
num_chunks_returned_to_freelist: 3.
num_chunks_taken_from_freelist: 1368.
num_chunk_merges: 3.
num_chunk_splits: 878.
num_chunks_enlarged: 595.
num_inconsistent_stats: 0.

CodeHeap 'non-profiled nmethods': size=120000Kb used=1470Kb max_used=1470Kb free=118529Kb
 bounds [0x00000292e2590000, 0x00000292e2800000, 0x00000292e9ac0000]
CodeHeap 'profiled nmethods': size=120000Kb used=5707Kb max_used=5707Kb free=114292Kb
 bounds [0x00000292daac0000, 0x00000292db060000, 0x00000292e1ff0000]
CodeHeap 'non-nmethods': size=5760Kb used=1483Kb max_used=1497Kb free=4276Kb
 bounds [0x00000292e1ff0000, 0x00000292e2260000, 0x00000292e2590000]
CodeCache: size=245760Kb, used=8660Kb, max_used=8674Kb, free=237097Kb
 total_blobs=3473, nmethods=2894, adapters=483, full_count=0
Compilation: enabled, stopped_count=0, restarted_count=0

Compilation events (20 events):
Event: 3.843 Thread 0x00000292ef6158f0 2881   !   3       java.lang.invoke.LambdaFormEditor::putInCache (523 bytes)
Event: 3.845 Thread 0x00000292ef6158f0 nmethod 2881 0x00000292db04b390 code [0x00000292db04b820, 0x00000292db04e170]
Event: 3.845 Thread 0x00000292ef6158f0 2884       3       java.lang.invoke.LambdaFormBuffer::nameArray (15 bytes)
Event: 3.845 Thread 0x00000292ef6158f0 nmethod 2884 0x00000292db04f310 code [0x00000292db04f4e0, 0x00000292db04f798]
Event: 3.846 Thread 0x00000292ef6158f0 2885       3       java.lang.invoke.LambdaFormBuffer::resultIndex (41 bytes)
Event: 3.846 Thread 0x00000292ef6158f0 nmethod 2885 0x00000292db04f890 code [0x00000292db04fa40, 0x00000292db04fd00]
Event: 3.850 Thread 0x00000292ef6158f0 2887       3       jdk.internal.misc.Unsafe::weakCompareAndSetInt (11 bytes)
Event: 3.851 Thread 0x00000292ef6158f0 nmethod 2887 0x00000292db04fe10 code [0x00000292db04ffa0, 0x00000292db0500c8]
Event: 3.863 Thread 0x00000292ef6158f0 2888       3       jdk.internal.org.objectweb.asm.MethodVisitor::visitVarInsn (17 bytes)
Event: 3.864 Thread 0x00000292ef6158f0 nmethod 2888 0x00000292db050190 code [0x00000292db050340, 0x00000292db050540]
Event: 3.875 Thread 0x00000292ef6158f0 2890       3       java.lang.invoke.InnerClassLambdaMetafactory::getParameterSize (27 bytes)
Event: 3.875 Thread 0x00000292ef6158f0 nmethod 2890 0x00000292db050610 code [0x00000292db0507c0, 0x00000292db0509b8]
Event: 3.877 Thread 0x00000292ef6158f0 2891       3       java.lang.invoke.MethodType::methodType (44 bytes)
Event: 3.878 Thread 0x00000292ef6158f0 nmethod 2891 0x00000292db050a90 code [0x00000292db050c80, 0x00000292db051108]
Event: 3.879 Thread 0x00000292ef6158f0 2892       3       java.lang.invoke.DirectMethodHandle::makeAllocator (137 bytes)
Event: 3.880 Thread 0x00000292ef6158f0 nmethod 2892 0x00000292db051210 code [0x00000292db051420, 0x00000292db0518a0]
Event: 3.887 Thread 0x00000292f5eb44a0 nmethod 2825 0x00000292e26f8210 code [0x00000292e26f85a0, 0x00000292e26fae40]
Event: 3.888 Thread 0x00000292f5eb44a0 2874       4       java.lang.invoke.InvokerBytecodeGenerator::emitImplicitConversion (161 bytes)
Event: 3.910 Thread 0x00000292f5eb44a0 nmethod 2874 0x00000292e26fc410 code [0x00000292e26fc6e0, 0x00000292e26fd6f0]
Event: 3.910 Thread 0x00000292f5eb44a0 2840       4       java.lang.invoke.InvokerBytecodeGenerator::emitLoadInsn (21 bytes)

GC Heap History (6 events):
Event: 0.507 GC heap before
{Heap before GC invocations=0 (full 0):
 garbage-first heap   total 249856K, used 22528K [0x0000000080000000, 0x0000000100000000)
  region size 1024K, 23 young (23552K), 0 survivors (0K)
 Metaspace       used 7631K, committed 7808K, reserved 1114112K
  class space    used 705K, committed 768K, reserved 1048576K
}
Event: 0.511 GC heap after
{Heap after GC invocations=1 (full 0):
 garbage-first heap   total 249856K, used 1792K [0x0000000080000000, 0x0000000100000000)
  region size 1024K, 2 young (2048K), 2 survivors (2048K)
 Metaspace       used 7631K, committed 7808K, reserved 1114112K
  class space    used 705K, committed 768K, reserved 1048576K
}
Event: 1.256 GC heap before
{Heap before GC invocations=1 (full 0):
 garbage-first heap   total 249856K, used 40704K [0x0000000080000000, 0x0000000100000000)
  region size 1024K, 38 young (38912K), 2 survivors (2048K)
 Metaspace       used 12348K, committed 12608K, reserved 1114112K
  class space    used 1350K, committed 1472K, reserved 1048576K
}
Event: 1.261 GC heap after
{Heap after GC invocations=2 (full 0):
 garbage-first heap   total 249856K, used 10828K [0x0000000080000000, 0x0000000100000000)
  region size 1024K, 5 young (5120K), 5 survivors (5120K)
 Metaspace       used 12348K, committed 12608K, reserved 1114112K
  class space    used 1350K, committed 1472K, reserved 1048576K
}
Event: 2.760 GC heap before
{Heap before GC invocations=2 (full 0):
 garbage-first heap   total 249856K, used 93772K [0x0000000080000000, 0x0000000100000000)
  region size 1024K, 85 young (87040K), 5 survivors (5120K)
 Metaspace       used 21245K, committed 21504K, reserved 1114112K
  class space    used 2527K, committed 2624K, reserved 1048576K
}
Event: 2.771 GC heap after
{Heap after GC invocations=3 (full 0):
 garbage-first heap   total 249856K, used 20034K [0x0000000080000000, 0x0000000100000000)
  region size 1024K, 13 young (13312K), 13 survivors (13312K)
 Metaspace       used 21245K, committed 21504K, reserved 1114112K
  class space    used 2527K, committed 2624K, reserved 1048576K
}

Dll operation events (3 events):
Event: 0.014 Loaded shared library D:\develop\Android\Android Studio\jbr\bin\java.dll
Event: 0.020 Loaded shared library D:\develop\Android\Android Studio\jbr\bin\zip.dll
Event: 0.682 Loaded shared library D:\develop\Android\Android Studio\jbr\bin\verify.dll

Deoptimization events (20 events):
Event: 3.077 Thread 0x00000292f5c140f0 DEOPT PACKING pc=0x00000292e263282c sp=0x0000009965efbad0
Event: 3.077 Thread 0x00000292f5c140f0 DEOPT UNPACKING pc=0x00000292e20446a2 sp=0x0000009965efba48 mode 2
Event: 3.380 Thread 0x00000292f5c140f0 DEOPT PACKING pc=0x00000292daf51022 sp=0x0000009965efd130
Event: 3.380 Thread 0x00000292f5c140f0 DEOPT UNPACKING pc=0x00000292e2044e42 sp=0x0000009965efc640 mode 0
Event: 3.488 Thread 0x00000292f5c140f0 DEOPT PACKING pc=0x00000292dabb92d9 sp=0x0000009965efa950
Event: 3.488 Thread 0x00000292f5c140f0 DEOPT UNPACKING pc=0x00000292e2044e42 sp=0x0000009965ef9de8 mode 0
Event: 3.637 Thread 0x00000292f5c140f0 Uncommon trap: trap_request=0xffffff45 fr.pc=0x00000292e25b4944 relative=0x0000000000000c04
Event: 3.637 Thread 0x00000292f5c140f0 Uncommon trap: reason=unstable_if action=reinterpret pc=0x00000292e25b4944 method=java.io.WinNTFileSystem.resolve(Ljava/lang/String;Ljava/lang/String;)Ljava/lang/String; @ 19 c2
Event: 3.637 Thread 0x00000292f5c140f0 DEOPT PACKING pc=0x00000292e25b4944 sp=0x0000009965efb420
Event: 3.637 Thread 0x00000292f5c140f0 DEOPT UNPACKING pc=0x00000292e20446a2 sp=0x0000009965efb3c8 mode 2
Event: 3.639 Thread 0x00000292f5c140f0 Uncommon trap: trap_request=0xffffff45 fr.pc=0x00000292e25c0d80 relative=0x0000000000000620
Event: 3.639 Thread 0x00000292f5c140f0 Uncommon trap: reason=unstable_if action=reinterpret pc=0x00000292e25c0d80 method=java.io.File.getName()Ljava/lang/String; @ 16 c2
Event: 3.639 Thread 0x00000292f5c140f0 DEOPT PACKING pc=0x00000292e25c0d80 sp=0x0000009965efb3f0
Event: 3.639 Thread 0x00000292f5c140f0 DEOPT UNPACKING pc=0x00000292e20446a2 sp=0x0000009965efb3c0 mode 2
Event: 3.726 Thread 0x00000292f5c140f0 Uncommon trap: trap_request=0xffffff45 fr.pc=0x00000292e25bf390 relative=0x00000000000000f0
Event: 3.726 Thread 0x00000292f5c140f0 Uncommon trap: reason=unstable_if action=reinterpret pc=0x00000292e25bf390 method=java.util.HashMap.hash(Ljava/lang/Object;)I @ 1 c2
Event: 3.726 Thread 0x00000292f5c140f0 DEOPT PACKING pc=0x00000292e25bf390 sp=0x0000009965efc5b0
Event: 3.726 Thread 0x00000292f5c140f0 DEOPT UNPACKING pc=0x00000292e20446a2 sp=0x0000009965efc4f0 mode 2
Event: 3.841 Thread 0x00000292f5c140f0 DEOPT PACKING pc=0x00000292daf51001 sp=0x0000009965efcc70
Event: 3.841 Thread 0x00000292f5c140f0 DEOPT UNPACKING pc=0x00000292e2044e42 sp=0x0000009965efc180 mode 0

Classes loaded (20 events):
Event: 3.826 Loading class java/lang/invoke/BoundMethodHandle$Species_LLLLLLLLLLLLLLLL
Event: 3.826 Loading class java/lang/invoke/BoundMethodHandle$Species_LLLLLLLLLLLLLLLL done
Event: 3.828 Loading class java/lang/invoke/BoundMethodHandle$Species_LLLLLLLLLLLLLLLLL
Event: 3.828 Loading class java/lang/invoke/BoundMethodHandle$Species_LLLLLLLLLLLLLLLLL done
Event: 3.829 Loading class java/lang/invoke/BoundMethodHandle$Species_LLLLLLLLLLLLLLLLLL
Event: 3.829 Loading class java/lang/invoke/BoundMethodHandle$Species_LLLLLLLLLLLLLLLLLL done
Event: 3.832 Loading class java/lang/invoke/BoundMethodHandle$Species_LLLLLLLLLLLLLLLLLLL
Event: 3.832 Loading class java/lang/invoke/BoundMethodHandle$Species_LLLLLLLLLLLLLLLLLLL done
Event: 3.835 Loading class java/lang/invoke/BoundMethodHandle$Species_LLLLLLLLLLLLLLLLLLLL
Event: 3.835 Loading class java/lang/invoke/BoundMethodHandle$Species_LLLLLLLLLLLLLLLLLLLL done
Event: 3.837 Loading class java/lang/invoke/BoundMethodHandle$Species_LLLLLLLLLLLLLLLLLLLLL
Event: 3.837 Loading class java/lang/invoke/BoundMethodHandle$Species_LLLLLLLLLLLLLLLLLLLLL done
Event: 3.839 Loading class java/lang/invoke/BoundMethodHandle$Species_LLLLLLLLLLLLLLLLLLLLLL
Event: 3.839 Loading class java/lang/invoke/BoundMethodHandle$Species_LLLLLLLLLLLLLLLLLLLLLL done
Event: 3.841 Loading class java/lang/invoke/BoundMethodHandle$Species_LLLLLLLLLLLLLLLLLLLLLLL
Event: 3.841 Loading class java/lang/invoke/BoundMethodHandle$Species_LLLLLLLLLLLLLLLLLLLLLLL done
Event: 3.843 Loading class java/lang/invoke/BoundMethodHandle$Species_LLLLLLLLLLLLLLLLLLLLLLLL
Event: 3.843 Loading class java/lang/invoke/BoundMethodHandle$Species_LLLLLLLLLLLLLLLLLLLLLLLL done
Event: 3.892 Loading class java/util/Collections$2
Event: 3.892 Loading class java/util/Collections$2 done

Classes unloaded (0 events):
No events

Classes redefined (0 events):
No events

Internal exceptions (20 events):
Event: 3.597 Thread 0x00000292f5c140f0 Exception <a 'java/lang/NoSuchMethodError'{0x0000000081c4e0a8}: 'java.lang.Object java.lang.invoke.DirectMethodHandle$Holder.invokeVirtual(java.lang.Object, java.lang.Object, java.lang.Object, java.lang.Object, java.lang.Object, java.lang.Object, java.lang.Object, java.lang.Object)'> (0x0000000081c4e0a8) 
thrown [s\src\hotspot\share\interpreter\linkResolver.cpp, line 784]
Event: 3.615 Thread 0x00000292f5c140f0 Exception <a 'java/lang/NoSuchMethodError'{0x0000000081cf5488}: 'java.lang.Object java.lang.invoke.DirectMethodHandle$Holder.invokeVirtual(java.lang.Object, java.lang.Object, java.lang.Object, java.lang.Object, java.lang.Object, java.lang.Object, java.lang.Object, java.lang.Object, java.lang.Object, java.lang.Object)'> (0x0000000081cf5488) 
thrown [s\src\hotspot\share\interpreter\linkResolver.cpp, line 784]
Event: 3.668 Thread 0x00000292f5c140f0 Exception <a 'java/lang/NoSuchMethodError'{0x0000000081b8d280}: 'void java.lang.invoke.DirectMethodHandle$Holder.invokeStatic(java.lang.Object, java.lang.Object, java.lang.Object, java.lang.Object)'> (0x0000000081b8d280) 
thrown [s\src\hotspot\share\interpreter\linkResolver.cpp, line 784]
Event: 3.668 Thread 0x00000292f5c140f0 Exception <a 'java/lang/NoSuchMethodError'{0x0000000081b91278}: 'void java.lang.invoke.DirectMethodHandle$Holder.invokeStaticInit(java.lang.Object, java.lang.Object, java.lang.Object, java.lang.Object)'> (0x0000000081b91278) 
thrown [s\src\hotspot\share\interpreter\linkResolver.cpp, line 784]
Event: 3.697 Thread 0x00000292f5c140f0 Exception <a 'java/lang/NoSuchMethodError'{0x0000000081ae9b50}: 'int java.lang.invoke.DirectMethodHandle$Holder.invokeSpecialIFC(java.lang.Object, java.lang.Object, java.lang.Object, java.lang.Object)'> (0x0000000081ae9b50) 
thrown [s\src\hotspot\share\interpreter\linkResolver.cpp, line 784]
Event: 3.698 Thread 0x00000292f5c140f0 Exception <a 'java/lang/IncompatibleClassChangeError'{0x0000000081af70a8}: Found class java.lang.Object, but interface was expected> (0x0000000081af70a8) 
thrown [s\src\hotspot\share\interpreter\linkResolver.cpp, line 851]
Event: 3.726 Thread 0x00000292f5c140f0 Implicit null exception at 0x00000292e25bf2e6 to 0x00000292e25bf386
Event: 3.817 Thread 0x00000292f5c140f0 Exception <a 'java/lang/NoSuchMethodError'{0x00000000815a7fd8}: 'java.lang.Object java.lang.invoke.DelegatingMethodHandle$Holder.reinvoke_L(java.lang.Object, java.lang.Object, java.lang.Object, java.lang.Object, java.lang.Object, java.lang.Object, java.lang.Object, java.lang.Object, java.lang.Object, java.lang.Object, java.lang.Object, java.lang.Object, java.lang.Object, java.lang.Object, java.lang.Object, java.lang.Object, java.lang.Object, java.lang.Object, java.lang.Object, java.lang.Object, java.lang.O
Event: 3.823 Thread 0x00000292f5c140f0 Exception <a 'java/lang/NoSuchMethodError'{0x0000000081417378}: 'java.lang.Object java.lang.invoke.DirectMethodHandle$Holder.invokeStatic(java.lang.Object, java.lang.Object, java.lang.Object, java.lang.Object, java.lang.Object, java.lang.Object, java.lang.Object, java.lang.Object, java.lang.Object, java.lang.Object, java.lang.Object, java.lang.Object, java.lang.Object, java.lang.Object, java.lang.Object, java.lang.Object, java.lang.Object)'> (0x0000000081417378) 
thrown [s\src\hotspot\share\interpreter\lin
Event: 3.825 Thread 0x00000292f5c140f0 Exception <a 'java/lang/NoSuchMethodError'{0x00000000814404c0}: 'java.lang.Object java.lang.invoke.DirectMethodHandle$Holder.invokeStatic(java.lang.Object, java.lang.Object, java.lang.Object, java.lang.Object, java.lang.Object, java.lang.Object, java.lang.Object, java.lang.Object, java.lang.Object, java.lang.Object, java.lang.Object, java.lang.Object, java.lang.Object, java.lang.Object, java.lang.Object, java.lang.Object, java.lang.Object, java.lang.Object)'> (0x00000000814404c0) 
thrown [s\src\hotspot\sha
Event: 3.827 Thread 0x00000292f5c140f0 Exception <a 'java/lang/NoSuchMethodError'{0x000000008146a978}: 'java.lang.Object java.lang.invoke.DirectMethodHandle$Holder.invokeStatic(java.lang.Object, java.lang.Object, java.lang.Object, java.lang.Object, java.lang.Object, java.lang.Object, java.lang.Object, java.lang.Object, java.lang.Object, java.lang.Object, java.lang.Object, java.lang.Object, java.lang.Object, java.lang.Object, java.lang.Object, java.lang.Object, java.lang.Object, java.lang.Object, java.lang.Object)'> (0x000000008146a978) 
thrown 
Event: 3.828 Thread 0x00000292f5c140f0 Exception <a 'java/lang/NoSuchMethodError'{0x0000000081496258}: 'java.lang.Object java.lang.invoke.DirectMethodHandle$Holder.invokeStatic(java.lang.Object, java.lang.Object, java.lang.Object, java.lang.Object, java.lang.Object, java.lang.Object, java.lang.Object, java.lang.Object, java.lang.Object, java.lang.Object, java.lang.Object, java.lang.Object, java.lang.Object, java.lang.Object, java.lang.Object, java.lang.Object, java.lang.Object, java.lang.Object, java.lang.Object, java.lang.Object)'> (0x00000000
Event: 3.831 Thread 0x00000292f5c140f0 Exception <a 'java/lang/NoSuchMethodError'{0x00000000814c2b40}: 'java.lang.Object java.lang.invoke.DirectMethodHandle$Holder.invokeStatic(java.lang.Object, java.lang.Object, java.lang.Object, java.lang.Object, java.lang.Object, java.lang.Object, java.lang.Object, java.lang.Object, java.lang.Object, java.lang.Object, java.lang.Object, java.lang.Object, java.lang.Object, java.lang.Object, java.lang.Object, java.lang.Object, java.lang.Object, java.lang.Object, java.lang.Object, java.lang.Object, java.lang.Obj
Event: 3.834 Thread 0x00000292f5c140f0 Exception <a 'java/lang/NoSuchMethodError'{0x00000000814f0838}: 'java.lang.Object java.lang.invoke.DirectMethodHandle$Holder.invokeStatic(java.lang.Object, java.lang.Object, java.lang.Object, java.lang.Object, java.lang.Object, java.lang.Object, java.lang.Object, java.lang.Object, java.lang.Object, java.lang.Object, java.lang.Object, java.lang.Object, java.lang.Object, java.lang.Object, java.lang.Object, java.lang.Object, java.lang.Object, java.lang.Object, java.lang.Object, java.lang.Object, java.lang.Obj
Event: 3.836 Thread 0x00000292f5c140f0 Exception <a 'java/lang/NoSuchMethodError'{0x000000008131f5c8}: 'java.lang.Object java.lang.invoke.DirectMethodHandle$Holder.invokeStatic(java.lang.Object, java.lang.Object, java.lang.Object, java.lang.Object, java.lang.Object, java.lang.Object, java.lang.Object, java.lang.Object, java.lang.Object, java.lang.Object, java.lang.Object, java.lang.Object, java.lang.Object, java.lang.Object, java.lang.Object, java.lang.Object, java.lang.Object, java.lang.Object, java.lang.Object, java.lang.Object, java.lang.Obj
Event: 3.838 Thread 0x00000292f5c140f0 Exception <a 'java/lang/NoSuchMethodError'{0x000000008134f1b8}: 'java.lang.Object java.lang.invoke.DirectMethodHandle$Holder.invokeStatic(java.lang.Object, java.lang.Object, java.lang.Object, java.lang.Object, java.lang.Object, java.lang.Object, java.lang.Object, java.lang.Object, java.lang.Object, java.lang.Object, java.lang.Object, java.lang.Object, java.lang.Object, java.lang.Object, java.lang.Object, java.lang.Object, java.lang.Object, java.lang.Object, java.lang.Object, java.lang.Object, java.lang.Obj
Event: 3.840 Thread 0x00000292f5c140f0 Exception <a 'java/lang/NoSuchMethodError'{0x000000008137f938}: 'java.lang.Object java.lang.invoke.DirectMethodHandle$Holder.invokeStatic(java.lang.Object, java.lang.Object, java.lang.Object, java.lang.Object, java.lang.Object, java.lang.Object, java.lang.Object, java.lang.Object, java.lang.Object, java.lang.Object, java.lang.Object, java.lang.Object, java.lang.Object, java.lang.Object, java.lang.Object, java.lang.Object, java.lang.Object, java.lang.Object, java.lang.Object, java.lang.Object, java.lang.Obj
Event: 3.842 Thread 0x00000292f5c140f0 Exception <a 'java/lang/NoSuchMethodError'{0x00000000813b6a98}: 'java.lang.Object java.lang.invoke.DirectMethodHandle$Holder.invokeStatic(java.lang.Object, java.lang.Object, java.lang.Object, java.lang.Object, java.lang.Object, java.lang.Object, java.lang.Object, java.lang.Object, java.lang.Object, java.lang.Object, java.lang.Object, java.lang.Object, java.lang.Object, java.lang.Object, java.lang.Object, java.lang.Object, java.lang.Object, java.lang.Object, java.lang.Object, java.lang.Object, java.lang.Obj
Event: 3.844 Thread 0x00000292f5c140f0 Exception <a 'java/lang/NoSuchMethodError'{0x00000000813e97a0}: 'java.lang.Object java.lang.invoke.DirectMethodHandle$Holder.invokeStatic(java.lang.Object, java.lang.Object, java.lang.Object, java.lang.Object, java.lang.Object, java.lang.Object, java.lang.Object, java.lang.Object, java.lang.Object, java.lang.Object, java.lang.Object, java.lang.Object, java.lang.Object, java.lang.Object, java.lang.Object, java.lang.Object, java.lang.Object, java.lang.Object, java.lang.Object, java.lang.Object, java.lang.Obj
Event: 3.876 Thread 0x00000292f5c140f0 Exception <a 'java/lang/IncompatibleClassChangeError'{0x00000000811160f0}: Found class java.lang.Object, but interface was expected> (0x00000000811160f0) 
thrown [s\src\hotspot\share\interpreter\linkResolver.cpp, line 851]

ZGC Phase Switch (0 events):
No events

VM Operations (20 events):
Event: 2.252 Executing VM operation: HandshakeAllThreads (Deoptimize)
Event: 2.252 Executing VM operation: HandshakeAllThreads (Deoptimize) done
Event: 2.297 Executing VM operation: HandshakeAllThreads (Deoptimize)
Event: 2.297 Executing VM operation: HandshakeAllThreads (Deoptimize) done
Event: 2.354 Executing VM operation: HandshakeAllThreads (Deoptimize)
Event: 2.354 Executing VM operation: HandshakeAllThreads (Deoptimize) done
Event: 2.507 Executing VM operation: HandshakeAllThreads (Deoptimize)
Event: 2.507 Executing VM operation: HandshakeAllThreads (Deoptimize) done
Event: 2.760 Executing VM operation: CollectForMetadataAllocation (Metadata GC Threshold)
Event: 2.771 Executing VM operation: CollectForMetadataAllocation (Metadata GC Threshold) done
Event: 2.776 Executing VM operation: G1PauseRemark
Event: 2.852 Executing VM operation: G1PauseRemark done
Event: 2.853 Executing VM operation: G1PauseCleanup
Event: 2.858 Executing VM operation: G1PauseCleanup done
Event: 3.458 Executing VM operation: HandshakeAllThreads (Deoptimize)
Event: 3.458 Executing VM operation: HandshakeAllThreads (Deoptimize) done
Event: 3.854 Executing VM operation: HandshakeAllThreads (Deoptimize)
Event: 3.854 Executing VM operation: HandshakeAllThreads (Deoptimize) done
Event: 3.854 Executing VM operation: HandshakeAllThreads (Deoptimize)
Event: 3.855 Executing VM operation: HandshakeAllThreads (Deoptimize) done

Memory protections (0 events):
No events

Nmethod flushes (0 events):
No events

Events (20 events):
Event: 0.802 Loaded shared library C:\Users\jane\.gradle\native\0.2.7\x86_64-windows-gnu\gradle-fileevents.dll
Event: 1.450 Thread 0x00000292f41a6a50 Thread exited: 0x00000292f41a6a50
Event: 2.072 Loaded shared library D:\develop\Android\Android Studio\jbr\bin\management.dll
Event: 2.076 Loaded shared library D:\develop\Android\Android Studio\jbr\bin\management_ext.dll
Event: 2.119 Thread 0x00000292d566a2a0 Thread added: 0x00000292f5a221a0
Event: 2.235 Loaded shared library D:\develop\Android\Android Studio\jbr\bin\extnet.dll
Event: 2.378 Thread 0x00000292d566a2a0 Thread added: 0x00000292f5447020
Event: 2.487 Thread 0x00000292d566a2a0 Thread added: 0x00000292f5a681e0
Event: 2.567 Thread 0x00000292f5447020 Thread added: 0x00000292f5ab4b00
Event: 2.572 Thread 0x00000292f5ab4b00 Thread added: 0x00000292f5abd180
Event: 2.647 Thread 0x00000292f5ab4b00 Thread added: 0x00000292f5adce90
Event: 2.658 Thread 0x00000292f5ab4b00 Thread added: 0x00000292f5c140f0
Event: 2.675 Thread 0x00000292f5c140f0 Thread added: 0x00000292f5c14e10
Event: 2.681 Thread 0x00000292f5c140f0 Thread added: 0x00000292f5c126b0
Event: 2.685 Thread 0x00000292f5c140f0 Thread added: 0x00000292f5c154a0
Event: 2.858 Thread 0x00000292f41a63a0 Thread exited: 0x00000292f41a63a0
Event: 3.458 Thread 0x00000292f5c140f0 Thread added: 0x00000292f5c12020
Event: 3.468 Thread 0x00000292f5c140f0 Thread added: 0x00000292f5c12d40
Event: 3.482 Thread 0x00000292ef6158f0 Thread added: 0x00000292f5eb44a0
Event: 3.510 Thread 0x00000292f5c140f0 Thread added: 0x00000292f5c133d0


Dynamic libraries:
0x00007ff710730000 - 0x00007ff71073a000 	D:\develop\Android\Android Studio\jbr\bin\java.exe
0x00007fffaebe0000 - 0x00007fffaee47000 	C:\WINDOWS\SYSTEM32\ntdll.dll
0x00007fffad860000 - 0x00007fffad929000 	C:\WINDOWS\System32\KERNEL32.DLL
0x00007fffabff0000 - 0x00007fffac3df000 	C:\WINDOWS\System32\KERNELBASE.dll
0x00007fffabea0000 - 0x00007fffabfeb000 	C:\WINDOWS\System32\ucrtbase.dll
0x00007fff8ba30000 - 0x00007fff8ba4b000 	D:\develop\Android\Android Studio\jbr\bin\VCRUNTIME140.dll
0x00007fff7d1e0000 - 0x00007fff7d1f8000 	D:\develop\Android\Android Studio\jbr\bin\jli.dll
0x00007fffad390000 - 0x00007fffad555000 	C:\WINDOWS\System32\USER32.dll
0x00007fff99c30000 - 0x00007fff99ec3000 	C:\WINDOWS\WinSxS\amd64_microsoft.windows.common-controls_6595b64144ccf1df_6.0.26100.7309_none_3e05feeae336a044\COMCTL32.dll
0x00007fffac6a0000 - 0x00007fffac6c7000 	C:\WINDOWS\System32\win32u.dll
0x00007fffaeaf0000 - 0x00007fffaeb99000 	C:\WINDOWS\System32\msvcrt.dll
0x00007fffad750000 - 0x00007fffad77b000 	C:\WINDOWS\System32\GDI32.dll
0x00007fffac3f0000 - 0x00007fffac51c000 	C:\WINDOWS\System32\gdi32full.dll
0x00007fffac8d0000 - 0x00007fffac973000 	C:\WINDOWS\System32\msvcp_win.dll
0x00007fffad700000 - 0x00007fffad731000 	C:\WINDOWS\System32\IMM32.DLL
0x00007fff8ba20000 - 0x00007fff8ba2c000 	D:\develop\Android\Android Studio\jbr\bin\vcruntime140_1.dll
0x00007fff6dad0000 - 0x00007fff6db5d000 	D:\develop\Android\Android Studio\jbr\bin\msvcp140.dll
0x00007fff19270000 - 0x00007fff19f06000 	D:\develop\Android\Android Studio\jbr\bin\server\jvm.dll
0x00007fffad930000 - 0x00007fffad9e4000 	C:\WINDOWS\System32\ADVAPI32.dll
0x00007fffae6e0000 - 0x00007fffae786000 	C:\WINDOWS\System32\sechost.dll
0x00007fffad560000 - 0x00007fffad678000 	C:\WINDOWS\System32\RPCRT4.dll
0x00007fffae5e0000 - 0x00007fffae654000 	C:\WINDOWS\System32\WS2_32.dll
0x00007fffabb50000 - 0x00007fffabbae000 	C:\WINDOWS\SYSTEM32\POWRPROF.dll
0x00007fffa36d0000 - 0x00007fffa3705000 	C:\WINDOWS\SYSTEM32\WINMM.dll
0x00007fffa3710000 - 0x00007fffa371b000 	C:\WINDOWS\SYSTEM32\VERSION.dll
0x00007fffabb30000 - 0x00007fffabb44000 	C:\WINDOWS\SYSTEM32\UMPDC.dll
0x00007fffaaa80000 - 0x00007fffaaa9b000 	C:\WINDOWS\SYSTEM32\kernel.appcore.dll
0x00007fff8ba10000 - 0x00007fff8ba1a000 	D:\develop\Android\Android Studio\jbr\bin\jimage.dll
0x00007fffa94a0000 - 0x00007fffa96e2000 	C:\WINDOWS\SYSTEM32\DBGHELP.DLL
0x00007fffacdf0000 - 0x00007fffad176000 	C:\WINDOWS\System32\combase.dll
0x00007fffae820000 - 0x00007fffae8f6000 	C:\WINDOWS\System32\OLEAUT32.dll
0x00007fff95880000 - 0x00007fff958bc000 	C:\WINDOWS\SYSTEM32\dbgcore.DLL
0x00007fffac6d0000 - 0x00007fffac775000 	C:\WINDOWS\System32\bcryptPrimitives.dll
0x00007fff949d0000 - 0x00007fff949de000 	D:\develop\Android\Android Studio\jbr\bin\instrument.dll
0x00007fff8b9b0000 - 0x00007fff8b9d0000 	D:\develop\Android\Android Studio\jbr\bin\java.dll
0x00007fff86530000 - 0x00007fff86548000 	D:\develop\Android\Android Studio\jbr\bin\zip.dll
0x00007fffade80000 - 0x00007fffae5d3000 	C:\WINDOWS\System32\SHELL32.dll
0x00007fffabd30000 - 0x00007fffabe9a000 	C:\WINDOWS\System32\wintypes.dll
0x00007fffa98b0000 - 0x00007fffaa10e000 	C:\WINDOWS\SYSTEM32\windows.storage.dll
0x00007fffad290000 - 0x00007fffad385000 	C:\WINDOWS\System32\SHCORE.dll
0x00007fffad780000 - 0x00007fffad7e6000 	C:\WINDOWS\System32\shlwapi.dll
0x00007fffabc10000 - 0x00007fffabc39000 	C:\WINDOWS\SYSTEM32\profapi.dll
0x00007fff8ba00000 - 0x00007fff8ba10000 	D:\develop\Android\Android Studio\jbr\bin\net.dll
0x00007fffa13f0000 - 0x00007fffa1518000 	C:\WINDOWS\SYSTEM32\WINHTTP.dll
0x00007fffab010000 - 0x00007fffab07b000 	C:\WINDOWS\system32\mswsock.dll
0x00007fff86510000 - 0x00007fff86526000 	D:\develop\Android\Android Studio\jbr\bin\nio.dll
0x00007fff84610000 - 0x00007fff84620000 	D:\develop\Android\Android Studio\jbr\bin\verify.dll
0x00007fff7d820000 - 0x00007fff7d847000 	C:\Users\jane\.gradle\native\1def1411415f61bf3af743bc5b6707747c0891f09f0c88961ee8f79bc544acac\windows-amd64\native-platform.dll
0x00007fff50cc0000 - 0x00007fff50d38000 	C:\Users\jane\.gradle\native\0.2.7\x86_64-windows-gnu\gradle-fileevents.dll
0x00007fff86500000 - 0x00007fff86509000 	D:\develop\Android\Android Studio\jbr\bin\management.dll
0x00007fff84630000 - 0x00007fff8463b000 	D:\develop\Android\Android Studio\jbr\bin\management_ext.dll
0x00007fffad740000 - 0x00007fffad748000 	C:\WINDOWS\System32\PSAPI.DLL
0x00007fffaa4b0000 - 0x00007fffaa4e4000 	C:\WINDOWS\SYSTEM32\IPHLPAPI.DLL
0x00007fffad180000 - 0x00007fffad18a000 	C:\WINDOWS\System32\NSI.dll
0x00007fff8b9a0000 - 0x00007fff8b9a9000 	D:\develop\Android\Android Studio\jbr\bin\extnet.dll
0x00007fffab2d0000 - 0x00007fffab2eb000 	C:\WINDOWS\SYSTEM32\CRYPTSP.dll
0x00007fffaa9e0000 - 0x00007fffaaa1a000 	C:\WINDOWS\system32\rsaenh.dll
0x00007fffab0c0000 - 0x00007fffab0eb000 	C:\WINDOWS\SYSTEM32\USERENV.dll
0x00007fffabbe0000 - 0x00007fffabc0a000 	C:\WINDOWS\SYSTEM32\bcrypt.dll
0x00007fffab2f0000 - 0x00007fffab2fc000 	C:\WINDOWS\SYSTEM32\CRYPTBASE.dll
0x00007fff740c0000 - 0x00007fff740c8000 	C:\WINDOWS\system32\wshunix.dll

JVMTI agents:
C:\Users\jane\.gradle\wrapper\dists\gradle-9.0-milestone-1-bin\3vdepk4s12bybhohyuvjcm1bd\gradle-9.0-milestone-1\lib\agents\gradle-instrumentation-agent-9.0.jar path:D:\develop\Android\Android Studio\jbr\bin\instrument.dll, loaded, initialized, instrumentlib options:none

dbghelp: loaded successfully - version: 4.0.5 - missing functions: none
symbol engine: initialized successfully - sym options: 0x614 - pdb path: .;D:\develop\Android\Android Studio\jbr\bin;C:\WINDOWS\SYSTEM32;C:\WINDOWS\WinSxS\amd64_microsoft.windows.common-controls_6595b64144ccf1df_6.0.26100.7309_none_3e05feeae336a044;D:\develop\Android\Android Studio\jbr\bin\server;C:\Users\jane\.gradle\native\1def1411415f61bf3af743bc5b6707747c0891f09f0c88961ee8f79bc544acac\windows-amd64;C:\Users\jane\.gradle\native\0.2.7\x86_64-windows-gnu

VM Arguments:
jvm_args: --add-opens=java.base/java.lang=ALL-UNNAMED --add-opens=java.base/java.lang.invoke=ALL-UNNAMED --add-opens=java.base/java.util=ALL-UNNAMED --add-opens=java.prefs/java.util.prefs=ALL-UNNAMED --add-exports=jdk.compiler/com.sun.tools.javac.api=ALL-UNNAMED --add-exports=jdk.compiler/com.sun.tools.javac.util=ALL-UNNAMED --add-opens=java.base/java.util=ALL-UNNAMED --add-opens=java.prefs/java.util.prefs=ALL-UNNAMED --add-opens=java.base/java.nio.charset=ALL-UNNAMED --add-opens=java.base/java.net=ALL-UNNAMED --add-opens=java.base/java.util.concurrent.atomic=ALL-UNNAMED --add-opens=java.xml/javax.xml.namespace=ALL-UNNAMED -Xmx2g -Dfile.encoding=UTF-8 -Duser.country=CN -Duser.language=zh -Duser.variant -javaagent:C:\Users\jane\.gradle\wrapper\dists\gradle-9.0-milestone-1-bin\3vdepk4s12bybhohyuvjcm1bd\gradle-9.0-milestone-1\lib\agents\gradle-instrumentation-agent-9.0.jar 
java_command: org.gradle.launcher.daemon.bootstrap.GradleDaemon 9.0-milestone-1
java_class_path (initial): C:\Users\jane\.gradle\wrapper\dists\gradle-9.0-milestone-1-bin\3vdepk4s12bybhohyuvjcm1bd\gradle-9.0-milestone-1\lib\gradle-daemon-main-9.0.jar
Launcher Type: SUN_STANDARD

[Global flags]
     intx CICompilerCount                          = 4                                         {product} {ergonomic}
     uint ConcGCThreads                            = 3                                         {product} {ergonomic}
     uint G1ConcRefinementThreads                  = 10                                        {product} {ergonomic}
   size_t G1HeapRegionSize                         = 1048576                                   {product} {ergonomic}
    uintx GCDrainStackTargetSize                   = 64                                        {product} {ergonomic}
   size_t InitialHeapSize                          = 255852544                                 {product} {ergonomic}
   size_t MarkStackSize                            = 4194304                                   {product} {ergonomic}
   size_t MaxHeapSize                              = 2147483648                                {product} {command line}
   size_t MaxNewSize                               = 1287651328                                {product} {ergonomic}
   size_t MinHeapDeltaBytes                        = 1048576                                   {product} {ergonomic}
   size_t MinHeapSize                              = 8388608                                   {product} {ergonomic}
    uintx NonNMethodCodeHeapSize                   = 5839372                                {pd product} {ergonomic}
    uintx NonProfiledCodeHeapSize                  = 122909434                              {pd product} {ergonomic}
    uintx ProfiledCodeHeapSize                     = 122909434                              {pd product} {ergonomic}
    uintx ReservedCodeCacheSize                    = 251658240                              {pd product} {ergonomic}
     bool SegmentedCodeCache                       = true                                      {product} {ergonomic}
   size_t SoftMaxHeapSize                          = 2147483648                             {manageable} {ergonomic}
     bool UseCompressedOops                        = true                           {product lp64_product} {ergonomic}
     bool UseG1GC                                  = true                                      {product} {ergonomic}
     bool UseLargePagesIndividualAllocation        = false                                  {pd product} {ergonomic}

Logging:
Log output configuration:
 #0: stdout all=warning uptime,level,tags foldmultilines=false
 #1: stderr all=off uptime,level,tags foldmultilines=false

Environment Variables:
JAVA_HOME=D:\develop\Javatwo\jdk-11
PATH=C:\WINDOWS\system32;C:\WINDOWS;C:\WINDOWS\System32\Wbem;C:\WINDOWS\System32\WindowsPowerShell\v1.0\;C:\WINDOWS\System32\OpenSSH\;C:\Program Files\WireGuard\;C:\Program Files\Cloudflare\Cloudflare WARP\;D:\develop\apache-maven-3.9.4\bin;D:\develop\mysql-8.0.34-winx64\bin;C:\Program Files\Git\cmd;D:\develop\cursor\resources\app\bin;D:\develop\nodejs\;D:\develop\nodejs\node_global\node_modules;D:\qt6\Tools\mingw1310_64\bin;D:\qt6\Tools\CMake_64\bin;D:\qt6\6.9.3\mingw_64\bin;D:\vcpkg;D:\develop\Javatwo\jdk-11\bin;C:\Program Files (x86)\Common Files\Oracle\Java\javapath;C:\Program Files\Common Files\Oracle\Java\javapath;D:\AndroidStudioSDK\platform-tools;D:\AndroidStudioSDK\build-tools\36.1.0;D:\develop\gradle-7.6.6\bin;C:\Users\jane\.cargo\bin;D:\anaconda3;D:\anaconda3\Library\mingw-w64\bin;D:\anaconda3\Library\usr\bin;D:\anaconda3\Library\bin;D:\anaconda3\Scripts;C:\Users\jane\AppData\Local\Programs\Python\Python39-32\Scripts\;C:\Users\jane\AppData\Local\Programs\Python\Python39-32\;C:\Users\jane\AppData\Local\Microsoft\WindowsApps;C:\Users\jane\AppData\Local\Programs\Microsoft VS Code\bin;D:\develop\IntelliJIDEA2024.2.2\bin;;D:\develop\DataGrip 2024.1.1\bin;;D:\develop\CodeBuddy CN\bin;C:\Users\jane\AppData\Roaming\npm;D:\developoverseas\Qoder\bin;D:\developoverseas\Antigravity\bin
USERNAME=jane
OS=Windows_NT
PROCESSOR_IDENTIFIER=AMD64 Family 25 Model 68 Stepping 1, AuthenticAMD
TMP=C:\Users\jane\AppData\Local\Temp
TEMP=C:\Users\jane\AppData\Local\Temp




Periodic native trim disabled

JNI global refs:
JNI global refs: 24, weak refs: 0

JNI global refs memory usage: 835, weak refs: 833

Process memory usage:
Resident Set Size: 186436K (1% of 15930312K total physical memory with 1346592K free physical memory)

OOME stack traces (most recent first):
Classloader memory used:
Loader bootstrap                                                                       : 16259K
Loader org.gradle.internal.classloader.VisitableURLClassLoader                         : 10505K
Loader org.gradle.initialization.MixInLegacyTypesClassLoader                           : 891K
Loader jdk.internal.loader.ClassLoaders$AppClassLoader                                 : 238K
Loader jdk.internal.loader.ClassLoaders$PlatformClassLoader                            : 155K

Classes loaded by more than one classloader:
Class org.gradle.internal.classloader.FilteringClassLoader                            : loaded 2 times (x 105B)
Class org.gradle.internal.classloader.ClassLoaderHierarchy                            : loaded 2 times (x 70B)
Class org.gradle.api.internal.classpath.ManifestUtil                                  : loaded 2 times (x 71B)
Class org.gradle.internal.classloader.DefaultClassLoaderFactory                       : loaded 2 times (x 82B)
Class org.gradle.internal.classloader.ClassLoaderVisitor                              : loaded 2 times (x 76B)
Class org.gradle.api.internal.classpath.EffectiveClassPath                            : loaded 2 times (x 90B)
Class org.gradle.api.internal.DefaultClassPathProvider                                : loaded 2 times (x 76B)
Class [Lorg.gradle.api.internal.ClassPathProvider;                                    : loaded 2 times (x 69B)
Class org.gradle.api.internal.ClassPathProvider                                       : loaded 2 times (x 70B)
Class org.gradle.internal.service.UnknownServiceException                             : loaded 2 times (x 83B)
Class org.gradle.internal.classpath.TransformedClassPath                              : loaded 2 times (x 96B)
Class org.gradle.internal.classloader.InstrumentingClassLoader                        : loaded 2 times (x 70B)
Class org.gradle.internal.service.ServiceLocator                                      : loaded 2 times (x 70B)
Class org.gradle.internal.InternalTransformer                                         : loaded 2 times (x 70B)
Class org.gradle.internal.classloader.ClasspathUtil$1                                 : loaded 2 times (x 76B)
Class org.gradle.api.internal.classpath.DefaultModuleRegistry$DefaultModule           : loaded 2 times (x 86B)
Class org.gradle.api.internal.classpath.Module                                        : loaded 2 times (x 70B)
Class org.gradle.api.internal.classpath.UnknownModuleException                        : loaded 2 times (x 82B)
Class org.gradle.api.internal.DefaultClassPathRegistry                                : loaded 2 times (x 76B)
Class org.gradle.api.internal.ClassPathRegistry                                       : loaded 2 times (x 70B)
Class org.gradle.internal.classpath.DefaultClassPath$ImmutableUniqueList              : loaded 2 times (x 199B)
Class org.gradle.internal.classpath.ClassPath                                         : loaded 2 times (x 70B)
Class org.gradle.api.UncheckedIOException                                             : loaded 2 times (x 82B)
Class org.gradle.internal.installation.GradleInstallation$1                           : loaded 2 times (x 75B)
Class org.gradle.api.internal.classpath.ModuleRegistry                                : loaded 2 times (x 70B)
Class org.gradle.api.internal.classpath.DefaultModuleRegistry                         : loaded 2 times (x 86B)
Class org.gradle.internal.service.ServiceLookupException                              : loaded 2 times (x 82B)
Class org.gradle.internal.classloader.ClassLoaderFactory                              : loaded 2 times (x 70B)
Class org.gradle.internal.service.CachingServiceLocator                               : loaded 2 times (x 82B)
Class org.gradle.internal.classloader.ClasspathUtil                                   : loaded 2 times (x 71B)
Class org.gradle.api.specs.Spec                                                       : loaded 2 times (x 70B)
Class org.gradle.internal.classloader.VisitableURLClassLoader$InstrumentingVisitableURLClassLoader: loaded 2 times (x 123B)
Class org.gradle.internal.classloader.VisitableURLClassLoader$Spec                    : loaded 2 times (x 74B)
Class org.gradle.internal.classpath.DefaultClassPath                                  : loaded 2 times (x 90B)
Class org.gradle.internal.classloader.ClassLoaderSpec                                 : loaded 2 times (x 71B)
Class org.gradle.internal.classloader.VisitableURLClassLoader                         : loaded 2 times (x 117B)
Class org.gradle.internal.Cast                                                        : loaded 2 times (x 71B)
Class org.gradle.api.Action                                                           : loaded 2 times (x 70B)
Class org.gradle.internal.classpath.DefaultClassPath$ImmutableUniqueList$Builder      : loaded 2 times (x 75B)
Class org.gradle.api.GradleException                                                  : loaded 2 times (x 82B)
Class org.gradle.internal.IoActions                                                   : loaded 2 times (x 71B)
Class org.gradle.internal.classloader.SystemClassLoaderSpec                           : loaded 2 times (x 71B)
Class org.gradle.api.internal.classpath.GlobalCacheRootsProvider                      : loaded 2 times (x 70B)
Class org.gradle.internal.installation.CurrentGradleInstallationLocator               : loaded 2 times (x 71B)
Class org.gradle.internal.service.DefaultServiceLocator                               : loaded 2 times (x 83B)
Class org.gradle.internal.installation.CurrentGradleInstallation                      : loaded 2 times (x 73B)
Class org.gradle.util.internal.GUtil                                                  : loaded 2 times (x 71B)
Class org.gradle.internal.installation.GradleInstallation                             : loaded 2 times (x 75B)

---------------  S Y S T E M  ---------------

OS:
 Windows 11 , 64 bit Build 26100 (10.0.26100.7623)
OS uptime: 0 days 4:56 hours
Hyper-V role detected

CPU: total 12 (initial active 12) (12 cores per cpu, 2 threads per core) family 25 model 68 stepping 1 microcode 0xa404101, cx8, cmov, fxsr, ht, mmx, 3dnowpref, sse, sse2, sse3, ssse3, sse4a, sse4.1, sse4.2, popcnt, lzcnt, tsc, tscinvbit, avx, avx2, aes, clmul, bmi1, bmi2, adx, sha, fma, vzeroupper, clflush, clflushopt, hv, rdtscp, rdpid, f16c, cet_ss
Processor Information for processor 0
  Max Mhz: 3301, Current Mhz: 3273, Mhz Limit: 3301
Processor Information for processor 1
  Max Mhz: 3301, Current Mhz: 2503, Mhz Limit: 3301
Processor Information for processor 2
  Max Mhz: 3301, Current Mhz: 3273, Mhz Limit: 3301
Processor Information for processor 3
  Max Mhz: 3301, Current Mhz: 3273, Mhz Limit: 3301
Processor Information for processor 4
  Max Mhz: 3301, Current Mhz: 3273, Mhz Limit: 3301
Processor Information for processor 5
  Max Mhz: 3301, Current Mhz: 3273, Mhz Limit: 3301
Processor Information for processor 6
  Max Mhz: 3301, Current Mhz: 3273, Mhz Limit: 3301
Processor Information for processor 7
  Max Mhz: 3301, Current Mhz: 2503, Mhz Limit: 3301
Processor Information for processor 8
  Max Mhz: 3301, Current Mhz: 3273, Mhz Limit: 3301
Processor Information for processor 9
  Max Mhz: 3301, Current Mhz: 2503, Mhz Limit: 3301
Processor Information for processor 10
  Max Mhz: 3301, Current Mhz: 3273, Mhz Limit: 3301
Processor Information for processor 11
  Max Mhz: 3301, Current Mhz: 3273, Mhz Limit: 3301

Memory: 4k page, system-wide physical 15556M (1315M free)
TotalPageFile size 32182M (AvailPageFile size 2M)
current process WorkingSet (physical memory assigned to process): 182M, peak: 190M
current process commit charge ("private bytes"): 228M, peak: 377M

vm_info: OpenJDK 64-Bit Server VM (21.0.8+-14196175-b1038.72) for windows-amd64 JRE (21.0.8+-14196175-b1038.72), built on 2025-10-01T10:24:33Z by "builder" with MS VC++ 16.10 / 16.11 (VS2019)

END.
