#
# There is insufficient memory for the Java Runtime Environment to continue.
# Native memory allocation (malloc) failed to allocate 1876528 bytes. Error detail: Chunk::new
# Possible reasons:
#   The system is out of physical RAM or swap space
#   This process is running with CompressedOops enabled, and the Java Heap may be blocking the growth of the native heap
# Possible solutions:
#   Reduce memory load on the system
#   Increase physical memory or swap space
#   Check if swap backing store is full
#   Decrease Java heap size (-Xmx/-Xms)
#   Decrease number of Java threads
#   Decrease Java thread stack sizes (-Xss)
#   Set larger code cache with -XX:ReservedCodeCacheSize=
#   JVM is running with Unscaled Compressed Oops mode in which the Java heap is
#     placed in the first 4GB address space. The Java Heap base address is the
#     maximum limit for the native heap growth. Please use -XX:HeapBaseMinAddress
#     to set the Java Heap base and to place the Java Heap above 4GB virtual address.
# This output file may be truncated or incomplete.
#
#  Out of Memory Error (arena.cpp:168), pid=22480, tid=17508
#
# JRE version: OpenJDK Runtime Environment (21.0.8) (build 21.0.8+-14196175-b1038.72)
# Java VM: OpenJDK 64-Bit Server VM (21.0.8+-14196175-b1038.72, mixed mode, tiered, compressed oops, compressed class ptrs, g1 gc, windows-amd64)
# No core dump will be written. Minidumps are not enabled by default on client versions of Windows
#

---------------  S U M M A R Y ------------

Command Line: --add-opens=java.base/java.lang=ALL-UNNAMED --add-opens=java.base/java.lang.invoke=ALL-UNNAMED --add-opens=java.base/java.util=ALL-UNNAMED --add-opens=java.prefs/java.util.prefs=ALL-UNNAMED --add-exports=jdk.compiler/com.sun.tools.javac.api=ALL-UNNAMED --add-exports=jdk.compiler/com.sun.tools.javac.util=ALL-UNNAMED --add-opens=java.base/java.util=ALL-UNNAMED --add-opens=java.prefs/java.util.prefs=ALL-UNNAMED --add-opens=java.base/java.nio.charset=ALL-UNNAMED --add-opens=java.base/java.net=ALL-UNNAMED --add-opens=java.base/java.util.concurrent.atomic=ALL-UNNAMED --add-opens=java.xml/javax.xml.namespace=ALL-UNNAMED -Xmx2g -Dfile.encoding=UTF-8 -Duser.country=CN -Duser.language=zh -Duser.variant -javaagent:C:\Users\jane\.gradle\wrapper\dists\gradle-9.0-milestone-1-bin\3vdepk4s12bybhohyuvjcm1bd\gradle-9.0-milestone-1\lib\agents\gradle-instrumentation-agent-9.0.jar org.gradle.launcher.daemon.bootstrap.GradleDaemon 9.0-milestone-1

Host: AMD Ryzen 5 6600H with Radeon Graphics         , 12 cores, 15G,  Windows 11 , 64 bit Build 26100 (10.0.26100.7623)
Time: Wed Jan 28 19:31:06 2026 elapsed time: 7.692564 seconds (0d 0h 0m 7s)

---------------  T H R E A D  ---------------

Current thread (0x0000013961faaf00):  JavaThread "C2 CompilerThread0" daemon [_thread_in_native, id=17508, stack(0x000000287a600000,0x000000287a700000) (1024K)]


Current CompileTask:
C2:7692 3823   !   4       java.net.URLClassLoader::findClass (47 bytes)

Stack: [0x000000287a600000,0x000000287a700000]
Native frames: (J=compiled Java code, j=interpreted, Vv=VM code, C=native code)
V  [jvm.dll+0x6d68d9]
V  [jvm.dll+0x866693]
V  [jvm.dll+0x868c4e]
V  [jvm.dll+0x869333]
V  [jvm.dll+0x280566]
V  [jvm.dll+0xc07cd]
V  [jvm.dll+0xc0d03]
V  [jvm.dll+0x3b961b]
V  [jvm.dll+0x1dfb24]
V  [jvm.dll+0x2493a4]
V  [jvm.dll+0x248821]
V  [jvm.dll+0x1c73a4]
V  [jvm.dll+0x257f9e]
V  [jvm.dll+0x2564e6]
V  [jvm.dll+0x3f4696]
V  [jvm.dll+0x80eac8]
V  [jvm.dll+0x6d512d]
C  [ucrtbase.dll+0x37b0]
C  [KERNEL32.DLL+0x2e8d7]
C  [ntdll.dll+0x8c53c]


---------------  P R O C E S S  ---------------

Threads class SMR info:
_java_thread_list=0x00000139626a75d0, length=35, elements={
0x0000013948029770, 0x0000013961f35c80, 0x0000013961f758c0, 0x0000013961f60120,
0x0000013961f8e990, 0x0000013961f8f3f0, 0x0000013961f8fe50, 0x0000013961f9ac40,
0x0000013961faaf00, 0x0000013961fb4820, 0x00000139623c8da0, 0x00000139682500e0,
0x000001396840df30, 0x0000013968481870, 0x00000139684b7020, 0x0000013968478000,
0x0000013968478a40, 0x00000139684bca70, 0x00000139684bc3e0, 0x00000139684bbd50,
0x00000139684beb40, 0x00000139684bf1d0, 0x00000139684bd100, 0x00000139684bd790,
0x00000139684be4b0, 0x000001396af1f1d0, 0x000001396af20580, 0x000001396af1de20,
0x000001396af1d790, 0x000001396af21930, 0x000001396af20c10, 0x00000139623c56a0,
0x000001396af1e4b0, 0x000001396af212a0, 0x000001396af21fc0
}

Java Threads: ( => current thread )
  0x0000013948029770 JavaThread "main"                              [_thread_blocked, id=28380, stack(0x0000002879700000,0x0000002879800000) (1024K)]
  0x0000013961f35c80 JavaThread "Common-Cleaner"             daemon [_thread_blocked, id=26908, stack(0x0000002879f00000,0x000000287a000000) (1024K)]
  0x0000013961f758c0 JavaThread "Reference Handler"          daemon [_thread_blocked, id=27028, stack(0x000000287a000000,0x000000287a100000) (1024K)]
  0x0000013961f60120 JavaThread "Finalizer"                  daemon [_thread_blocked, id=22280, stack(0x000000287a100000,0x000000287a200000) (1024K)]
  0x0000013961f8e990 JavaThread "Signal Dispatcher"          daemon [_thread_blocked, id=28576, stack(0x000000287a200000,0x000000287a300000) (1024K)]
  0x0000013961f8f3f0 JavaThread "Attach Listener"            daemon [_thread_blocked, id=15824, stack(0x000000287a300000,0x000000287a400000) (1024K)]
  0x0000013961f8fe50 JavaThread "Service Thread"             daemon [_thread_blocked, id=27112, stack(0x000000287a400000,0x000000287a500000) (1024K)]
  0x0000013961f9ac40 JavaThread "Monitor Deflation Thread"   daemon [_thread_blocked, id=22152, stack(0x000000287a500000,0x000000287a600000) (1024K)]
=>0x0000013961faaf00 JavaThread "C2 CompilerThread0"         daemon [_thread_in_native, id=17508, stack(0x000000287a600000,0x000000287a700000) (1024K)]
  0x0000013961fb4820 JavaThread "C1 CompilerThread0"         daemon [_thread_blocked, id=20752, stack(0x000000287a700000,0x000000287a800000) (1024K)]
  0x00000139623c8da0 JavaThread "Notification Thread"        daemon [_thread_blocked, id=28440, stack(0x000000287a800000,0x000000287a900000) (1024K)]
  0x00000139682500e0 JavaThread "Daemon health stats"               [_thread_blocked, id=9464, stack(0x000000287ae00000,0x000000287af00000) (1024K)]
  0x000001396840df30 JavaThread "Incoming local TCP Connector on port 4916"        [_thread_in_native, id=19176, stack(0x000000287af00000,0x000000287b000000) (1024K)]
  0x0000013968481870 JavaThread "Daemon periodic checks"            [_thread_blocked, id=11304, stack(0x000000287b000000,0x000000287b100000) (1024K)]
  0x00000139684b7020 JavaThread "Daemon"                            [_thread_blocked, id=26840, stack(0x000000287b100000,0x000000287b200000) (1024K)]
  0x0000013968478000 JavaThread "Handler for socket connection from /127.0.0.1:4916 to /127.0.0.1:4917"        [_thread_in_native, id=23396, stack(0x000000287b200000,0x000000287b300000) (1024K)]
  0x0000013968478a40 JavaThread "Cancel handler"                    [_thread_blocked, id=28032, stack(0x000000287b300000,0x000000287b400000) (1024K)]
  0x00000139684bca70 JavaThread "Daemon worker"                     [_thread_in_vm, id=27484, stack(0x000000287b400000,0x000000287b500000) (1024K)]
  0x00000139684bc3e0 JavaThread "Asynchronous log dispatcher for DefaultDaemonConnection: socket connection from /127.0.0.1:4916 to /127.0.0.1:4917"        [_thread_blocked, id=17760, stack(0x000000287b500000,0x000000287b600000) (1024K)]
  0x00000139684bbd50 JavaThread "Stdin handler"                     [_thread_blocked, id=27608, stack(0x000000287b600000,0x000000287b700000) (1024K)]
  0x00000139684beb40 JavaThread "Daemon client event forwarder"        [_thread_blocked, id=21928, stack(0x000000287b700000,0x000000287b800000) (1024K)]
  0x00000139684bf1d0 JavaThread "Cache worker for journal cache (C:\Users\jane\.gradle\caches\journal-1)"        [_thread_blocked, id=27304, stack(0x000000287a900000,0x000000287aa00000) (1024K)]
  0x00000139684bd100 JavaThread "File lock request listener"        [_thread_in_native, id=27720, stack(0x000000287bf00000,0x000000287c000000) (1024K)]
  0x00000139684bd790 JavaThread "Cache worker for file hash cache (C:\Users\jane\.gradle\caches\9.0-milestone-1\fileHashes)"        [_thread_blocked, id=28608, stack(0x000000287c000000,0x000000287c100000) (1024K)]
  0x00000139684be4b0 JavaThread "Cache worker for file hash cache (D:\project\zimuzhedang\.gradle\9.0-milestone-1\fileHashes)"        [_thread_blocked, id=24292, stack(0x000000287c100000,0x000000287c200000) (1024K)]
  0x000001396af1f1d0 JavaThread "Cache worker for Build Output Cleanup Cache (D:\project\zimuzhedang\.gradle\buildOutputCleanup)"        [_thread_blocked, id=4024, stack(0x000000287c200000,0x000000287c300000) (1024K)]
  0x000001396af20580 JavaThread "File watcher server"        daemon [_thread_in_native, id=15996, stack(0x000000287c300000,0x000000287c400000) (1024K)]
  0x000001396af1de20 JavaThread "File watcher consumer"      daemon [_thread_blocked, id=26708, stack(0x000000287c400000,0x000000287c500000) (1024K)]
  0x000001396af1d790 JavaThread "Cache worker for checksums cache (D:\project\zimuzhedang\.gradle\9.0-milestone-1\checksums)"        [_thread_blocked, id=4316, stack(0x000000287c500000,0x000000287c600000) (1024K)]
  0x000001396af21930 JavaThread "Cache worker for file content cache (C:\Users\jane\.gradle\caches\9.0-milestone-1\fileContent)"        [_thread_blocked, id=16656, stack(0x000000287c600000,0x000000287c700000) (1024K)]
  0x000001396af20c10 JavaThread "Cache worker for cache directory md-supplier (C:\Users\jane\.gradle\caches\9.0-milestone-1\md-supplier)"        [_thread_blocked, id=17072, stack(0x000000287c700000,0x000000287c800000) (1024K)]
  0x00000139623c56a0 JavaThread "C2 CompilerThread1"         daemon [_thread_in_native, id=17080, stack(0x000000287c800000,0x000000287c900000) (1024K)]
  0x000001396af1e4b0 JavaThread "Cache worker for cache directory md-rule (C:\Users\jane\.gradle\caches\9.0-milestone-1\md-rule)"        [_thread_blocked, id=17100, stack(0x000000287c900000,0x000000287ca00000) (1024K)]
  0x000001396af212a0 JavaThread "jar transforms"                    [_thread_blocked, id=28264, stack(0x000000287ca00000,0x000000287cb00000) (1024K)]
  0x000001396af21fc0 JavaThread "jar transforms Thread 2"           [_thread_blocked, id=9328, stack(0x000000287cb00000,0x000000287cc00000) (1024K)]
Total: 35

Other Threads:
  0x0000013961ef47b0 VMThread "VM Thread"                           [id=20464, stack(0x0000002879e00000,0x0000002879f00000) (1024K)]
  0x0000013961ec09d0 WatcherThread "VM Periodic Task Thread"        [id=23776, stack(0x0000002879d00000,0x0000002879e00000) (1024K)]
  0x000001394a347320 WorkerThread "GC Thread#0"                     [id=20376, stack(0x0000002879800000,0x0000002879900000) (1024K)]
  0x00000139625c1cd0 WorkerThread "GC Thread#1"                     [id=22632, stack(0x000000287aa00000,0x000000287ab00000) (1024K)]
  0x00000139625c2070 WorkerThread "GC Thread#2"                     [id=26252, stack(0x000000287ab00000,0x000000287ac00000) (1024K)]
  0x00000139625c2410 WorkerThread "GC Thread#3"                     [id=21452, stack(0x000000287ac00000,0x000000287ad00000) (1024K)]
  0x00000139625c27b0 WorkerThread "GC Thread#4"                     [id=28668, stack(0x000000287ad00000,0x000000287ae00000) (1024K)]
  0x0000013968572bd0 WorkerThread "GC Thread#5"                     [id=19064, stack(0x000000287b800000,0x000000287b900000) (1024K)]
  0x00000139685751f0 WorkerThread "GC Thread#6"                     [id=6100, stack(0x000000287b900000,0x000000287ba00000) (1024K)]
  0x00000139683a5330 WorkerThread "GC Thread#7"                     [id=22004, stack(0x000000287ba00000,0x000000287bb00000) (1024K)]
  0x00000139683a4bf0 WorkerThread "GC Thread#8"                     [id=24740, stack(0x000000287bb00000,0x000000287bc00000) (1024K)]
  0x00000139683a4f90 WorkerThread "GC Thread#9"                     [id=27396, stack(0x000000287bc00000,0x000000287bd00000) (1024K)]
  0x000001394a398010 ConcurrentGCThread "G1 Main Marker"            [id=20416, stack(0x0000002879900000,0x0000002879a00000) (1024K)]
  0x000001394a398a20 WorkerThread "G1 Conc#0"                       [id=13112, stack(0x0000002879a00000,0x0000002879b00000) (1024K)]
  0x00000139683a61b0 WorkerThread "G1 Conc#1"                       [id=19468, stack(0x000000287bd00000,0x000000287be00000) (1024K)]
  0x00000139683a56d0 WorkerThread "G1 Conc#2"                       [id=21692, stack(0x000000287be00000,0x000000287bf00000) (1024K)]
  0x0000013961d31220 ConcurrentGCThread "G1 Refine#0"               [id=18764, stack(0x0000002879b00000,0x0000002879c00000) (1024K)]
  0x0000013961d31a40 ConcurrentGCThread "G1 Service"                [id=22156, stack(0x0000002879c00000,0x0000002879d00000) (1024K)]
Total: 18

Threads with active compile tasks:
C2 CompilerThread0  7726 3823   !   4       java.net.URLClassLoader::findClass (47 bytes)
C2 CompilerThread1  7726 3845 %     4       jdk.internal.loader.URLClassPath::getResource @ 39 (74 bytes)
Total: 2

VM state: not at safepoint (normal execution)

VM Mutex/Monitor currently owned by a thread: None

Heap address: 0x0000000080000000, size: 2048 MB, Compressed Oops mode: 32-bit

CDS archive(s) not mapped
Compressed class space mapped at: 0x0000000100000000-0x0000000140000000, reserved size: 1073741824
Narrow klass base: 0x0000000000000000, Narrow klass shift: 3, Narrow klass range: 0x140000000

GC Precious Log:
 CardTable entry size: 512
 Card Set container configuration: InlinePtr #cards 5 size 8 Array Of Cards #cards 12 size 40 Howl #buckets 4 coarsen threshold 1843 Howl Bitmap #cards 512 size 80 coarsen threshold 460 Card regions per heap region 1 cards per card region 2048
 CPUs: 12 total, 12 available
 Memory: 15556M
 Large Page Support: Disabled
 NUMA Support: Disabled
 Compressed Oops: Enabled (32-bit)
 Heap Region Size: 1M
 Heap Min Capacity: 8M
 Heap Initial Capacity: 244M
 Heap Max Capacity: 2G
 Pre-touch: Disabled
 Parallel Workers: 10
 Concurrent Workers: 3
 Concurrent Refinement Workers: 10
 Periodic GC: Disabled

Heap:
 garbage-first heap   total 71680K, used 33256K [0x0000000080000000, 0x0000000100000000)
  region size 1024K, 9 young (9216K), 5 survivors (5120K)
 Metaspace       used 46060K, committed 47232K, reserved 1114112K
  class space    used 6530K, committed 7104K, reserved 1048576K

Heap Regions: E=young(eden), S=young(survivor), O=old, HS=humongous(starts), HC=humongous(continues), CS=collection set, F=free, TAMS=top-at-mark-start, PB=parsable bottom
|   0|0x0000000080000000, 0x0000000080100000, 0x0000000080100000|100%|HS|  |TAMS 0x0000000080000000| PB 0x0000000080000000| Complete 
|   1|0x0000000080100000, 0x0000000080200000, 0x0000000080200000|100%|HC|  |TAMS 0x0000000080100000| PB 0x0000000080100000| Complete 
|   2|0x0000000080200000, 0x0000000080300000, 0x0000000080300000|100%|HC|  |TAMS 0x0000000080200000| PB 0x0000000080200000| Complete 
|   3|0x0000000080300000, 0x0000000080400000, 0x0000000080400000|100%| O|  |TAMS 0x0000000080300000| PB 0x0000000080300000| Untracked 
|   4|0x0000000080400000, 0x0000000080500000, 0x0000000080500000|100%| O|  |TAMS 0x0000000080400000| PB 0x0000000080400000| Untracked 
|   5|0x0000000080500000, 0x0000000080600000, 0x0000000080600000|100%| O|  |TAMS 0x0000000080500000| PB 0x0000000080500000| Untracked 
|   6|0x0000000080600000, 0x0000000080700000, 0x0000000080700000|100%|HS|  |TAMS 0x0000000080600000| PB 0x0000000080600000| Complete 
|   7|0x0000000080700000, 0x0000000080800000, 0x0000000080800000|100%| O|  |TAMS 0x0000000080700000| PB 0x0000000080700000| Untracked 
|   8|0x0000000080800000, 0x0000000080900000, 0x0000000080900000|100%| O|  |TAMS 0x0000000080800000| PB 0x0000000080800000| Untracked 
|   9|0x0000000080900000, 0x0000000080a00000, 0x0000000080a00000|100%| O|  |TAMS 0x0000000080900000| PB 0x0000000080900000| Untracked 
|  10|0x0000000080a00000, 0x0000000080b00000, 0x0000000080b00000|100%| O|  |TAMS 0x0000000080a00000| PB 0x0000000080a00000| Untracked 
|  11|0x0000000080b00000, 0x0000000080c00000, 0x0000000080c00000|100%| O|  |TAMS 0x0000000080b00000| PB 0x0000000080b00000| Untracked 
|  12|0x0000000080c00000, 0x0000000080d00000, 0x0000000080d00000|100%| O|  |TAMS 0x0000000080c00000| PB 0x0000000080c00000| Untracked 
|  13|0x0000000080d00000, 0x0000000080e00000, 0x0000000080e00000|100%| O|  |TAMS 0x0000000080d00000| PB 0x0000000080d00000| Untracked 
|  14|0x0000000080e00000, 0x0000000080f00000, 0x0000000080f00000|100%| O|  |TAMS 0x0000000080e00000| PB 0x0000000080e00000| Untracked 
|  15|0x0000000080f00000, 0x0000000081000000, 0x0000000081000000|100%| O|  |TAMS 0x0000000080f00000| PB 0x0000000080f00000| Untracked 
|  16|0x0000000081000000, 0x0000000081100000, 0x0000000081100000|100%| O|  |TAMS 0x0000000081000000| PB 0x0000000081000000| Untracked 
|  17|0x0000000081100000, 0x0000000081200000, 0x0000000081200000|100%| O|  |TAMS 0x0000000081100000| PB 0x0000000081100000| Untracked 
|  18|0x0000000081200000, 0x0000000081300000, 0x0000000081300000|100%| O|  |TAMS 0x0000000081200000| PB 0x0000000081200000| Untracked 
|  19|0x0000000081300000, 0x0000000081400000, 0x0000000081400000|100%| O|  |TAMS 0x0000000081300000| PB 0x0000000081300000| Untracked 
|  20|0x0000000081400000, 0x0000000081400000, 0x0000000081500000|  0%| F|  |TAMS 0x0000000081400000| PB 0x0000000081400000| Untracked 
|  21|0x0000000081500000, 0x0000000081600000, 0x0000000081600000|100%| O|  |TAMS 0x0000000081500000| PB 0x0000000081500000| Untracked 
|  22|0x0000000081600000, 0x0000000081700000, 0x0000000081700000|100%| O|  |TAMS 0x0000000081600000| PB 0x0000000081600000| Untracked 
|  23|0x0000000081700000, 0x0000000081800000, 0x0000000081800000|100%| O|  |TAMS 0x0000000081700000| PB 0x0000000081700000| Untracked 
|  24|0x0000000081800000, 0x0000000081900000, 0x0000000081900000|100%| O|  |TAMS 0x0000000081800000| PB 0x0000000081800000| Untracked 
|  25|0x0000000081900000, 0x0000000081a00000, 0x0000000081a00000|100%| O|  |TAMS 0x0000000081900000| PB 0x0000000081900000| Untracked 
|  26|0x0000000081a00000, 0x0000000081a45380, 0x0000000081b00000| 27%| O|  |TAMS 0x0000000081a00000| PB 0x0000000081a00000| Untracked 
|  27|0x0000000081b00000, 0x0000000081b00000, 0x0000000081c00000|  0%| F|  |TAMS 0x0000000081b00000| PB 0x0000000081b00000| Untracked 
|  28|0x0000000081c00000, 0x0000000081c00000, 0x0000000081d00000|  0%| F|  |TAMS 0x0000000081c00000| PB 0x0000000081c00000| Untracked 
|  29|0x0000000081d00000, 0x0000000081d34ea8, 0x0000000081e00000| 20%| S|CS|TAMS 0x0000000081d00000| PB 0x0000000081d00000| Complete 
|  30|0x0000000081e00000, 0x0000000081f00000, 0x0000000081f00000|100%| S|CS|TAMS 0x0000000081e00000| PB 0x0000000081e00000| Complete 
|  31|0x0000000081f00000, 0x0000000082000000, 0x0000000082000000|100%| S|CS|TAMS 0x0000000081f00000| PB 0x0000000081f00000| Complete 
|  32|0x0000000082000000, 0x0000000082100000, 0x0000000082100000|100%| S|CS|TAMS 0x0000000082000000| PB 0x0000000082000000| Complete 
|  33|0x0000000082100000, 0x0000000082200000, 0x0000000082200000|100%| S|CS|TAMS 0x0000000082100000| PB 0x0000000082100000| Complete 
|  34|0x0000000082200000, 0x0000000082200000, 0x0000000082300000|  0%| F|  |TAMS 0x0000000082200000| PB 0x0000000082200000| Untracked 
|  35|0x0000000082300000, 0x0000000082300000, 0x0000000082400000|  0%| F|  |TAMS 0x0000000082300000| PB 0x0000000082300000| Untracked 
|  36|0x0000000082400000, 0x0000000082400000, 0x0000000082500000|  0%| F|  |TAMS 0x0000000082400000| PB 0x0000000082400000| Untracked 
|  37|0x0000000082500000, 0x0000000082500000, 0x0000000082600000|  0%| F|  |TAMS 0x0000000082500000| PB 0x0000000082500000| Untracked 
|  38|0x0000000082600000, 0x0000000082600000, 0x0000000082700000|  0%| F|  |TAMS 0x0000000082600000| PB 0x0000000082600000| Untracked 
|  39|0x0000000082700000, 0x0000000082700000, 0x0000000082800000|  0%| F|  |TAMS 0x0000000082700000| PB 0x0000000082700000| Untracked 
|  40|0x0000000082800000, 0x0000000082800000, 0x0000000082900000|  0%| F|  |TAMS 0x0000000082800000| PB 0x0000000082800000| Untracked 
|  41|0x0000000082900000, 0x0000000082900000, 0x0000000082a00000|  0%| F|  |TAMS 0x0000000082900000| PB 0x0000000082900000| Untracked 
|  42|0x0000000082a00000, 0x0000000082a00000, 0x0000000082b00000|  0%| F|  |TAMS 0x0000000082a00000| PB 0x0000000082a00000| Untracked 
|  43|0x0000000082b00000, 0x0000000082b00000, 0x0000000082c00000|  0%| F|  |TAMS 0x0000000082b00000| PB 0x0000000082b00000| Untracked 
|  44|0x0000000082c00000, 0x0000000082c00000, 0x0000000082d00000|  0%| F|  |TAMS 0x0000000082c00000| PB 0x0000000082c00000| Untracked 
|  45|0x0000000082d00000, 0x0000000082d00000, 0x0000000082e00000|  0%| F|  |TAMS 0x0000000082d00000| PB 0x0000000082d00000| Untracked 
|  46|0x0000000082e00000, 0x0000000082e00000, 0x0000000082f00000|  0%| F|  |TAMS 0x0000000082e00000| PB 0x0000000082e00000| Untracked 
|  47|0x0000000082f00000, 0x0000000082f00000, 0x0000000083000000|  0%| F|  |TAMS 0x0000000082f00000| PB 0x0000000082f00000| Untracked 
|  48|0x0000000083000000, 0x0000000083000000, 0x0000000083100000|  0%| F|  |TAMS 0x0000000083000000| PB 0x0000000083000000| Untracked 
|  49|0x0000000083100000, 0x0000000083100000, 0x0000000083200000|  0%| F|  |TAMS 0x0000000083100000| PB 0x0000000083100000| Untracked 
|  50|0x0000000083200000, 0x0000000083200000, 0x0000000083300000|  0%| F|  |TAMS 0x0000000083200000| PB 0x0000000083200000| Untracked 
|  51|0x0000000083300000, 0x0000000083300000, 0x0000000083400000|  0%| F|  |TAMS 0x0000000083300000| PB 0x0000000083300000| Untracked 
|  52|0x0000000083400000, 0x0000000083400000, 0x0000000083500000|  0%| F|  |TAMS 0x0000000083400000| PB 0x0000000083400000| Untracked 
|  53|0x0000000083500000, 0x0000000083500000, 0x0000000083600000|  0%| F|  |TAMS 0x0000000083500000| PB 0x0000000083500000| Untracked 
| 146|0x0000000089200000, 0x0000000089200000, 0x0000000089300000|  0%| F|  |TAMS 0x0000000089200000| PB 0x0000000089200000| Untracked 
| 147|0x0000000089300000, 0x0000000089300000, 0x0000000089400000|  0%| F|  |TAMS 0x0000000089300000| PB 0x0000000089300000| Untracked 
| 148|0x0000000089400000, 0x0000000089400000, 0x0000000089500000|  0%| F|  |TAMS 0x0000000089400000| PB 0x0000000089400000| Untracked 
| 149|0x0000000089500000, 0x0000000089500000, 0x0000000089600000|  0%| F|  |TAMS 0x0000000089500000| PB 0x0000000089500000| Untracked 
| 150|0x0000000089600000, 0x0000000089600000, 0x0000000089700000|  0%| F|  |TAMS 0x0000000089600000| PB 0x0000000089600000| Untracked 
| 151|0x0000000089700000, 0x0000000089700000, 0x0000000089800000|  0%| F|  |TAMS 0x0000000089700000| PB 0x0000000089700000| Untracked 
| 152|0x0000000089800000, 0x0000000089800000, 0x0000000089900000|  0%| F|  |TAMS 0x0000000089800000| PB 0x0000000089800000| Untracked 
| 153|0x0000000089900000, 0x0000000089900000, 0x0000000089a00000|  0%| F|  |TAMS 0x0000000089900000| PB 0x0000000089900000| Untracked 
| 154|0x0000000089a00000, 0x0000000089a00000, 0x0000000089b00000|  0%| F|  |TAMS 0x0000000089a00000| PB 0x0000000089a00000| Untracked 
| 155|0x0000000089b00000, 0x0000000089b00000, 0x0000000089c00000|  0%| F|  |TAMS 0x0000000089b00000| PB 0x0000000089b00000| Untracked 
| 156|0x0000000089c00000, 0x0000000089c00000, 0x0000000089d00000|  0%| F|  |TAMS 0x0000000089c00000| PB 0x0000000089c00000| Untracked 
| 157|0x0000000089d00000, 0x0000000089d00000, 0x0000000089e00000|  0%| F|  |TAMS 0x0000000089d00000| PB 0x0000000089d00000| Untracked 
| 158|0x0000000089e00000, 0x0000000089e93d90, 0x0000000089f00000| 57%| E|  |TAMS 0x0000000089e00000| PB 0x0000000089e00000| Complete 
| 159|0x0000000089f00000, 0x000000008a000000, 0x000000008a000000|100%| E|CS|TAMS 0x0000000089f00000| PB 0x0000000089f00000| Complete 
| 242|0x000000008f200000, 0x000000008f300000, 0x000000008f300000|100%| E|CS|TAMS 0x000000008f200000| PB 0x000000008f200000| Complete 
| 243|0x000000008f300000, 0x000000008f400000, 0x000000008f400000|100%| E|CS|TAMS 0x000000008f300000| PB 0x000000008f300000| Complete 

Card table byte_map: [0x000001395cda0000,0x000001395d1a0000] _byte_map_base: 0x000001395c9a0000

Marking Bits: (CMBitMap*) 0x000001394a348940
 Bits: [0x000001395d1a0000, 0x000001395f1a0000)

Polling page: 0x0000013949ab0000

Metaspace:

Usage:
  Non-class:     38.60 MB used.
      Class:      6.38 MB used.
       Both:     44.98 MB used.

Virtual space:
  Non-class space:       64.00 MB reserved,      39.19 MB ( 61%) committed,  1 nodes.
      Class space:        1.00 GB reserved,       6.94 MB ( <1%) committed,  1 nodes.
             Both:        1.06 GB reserved,      46.12 MB (  4%) committed. 

Chunk freelists:
   Non-Class:  8.78 MB
       Class:  9.08 MB
        Both:  17.86 MB

MaxMetaspaceSize: unlimited
CompressedClassSpaceSize: 1.00 GB
Initial GC threshold: 21.00 MB
Current GC threshold: 58.75 MB
CDS: off
 - commit_granule_bytes: 65536.
 - commit_granule_words: 8192.
 - virtual_space_node_default_size: 8388608.
 - enlarge_chunks_in_place: 1.
 - use_allocation_guard: 0.


Internal statistics:

num_allocs_failed_limit: 6.
num_arena_births: 2202.
num_arena_deaths: 0.
num_vsnodes_births: 2.
num_vsnodes_deaths: 0.
num_space_committed: 738.
num_space_uncommitted: 0.
num_chunks_returned_to_freelist: 6.
num_chunks_taken_from_freelist: 3912.
num_chunk_merges: 6.
num_chunk_splits: 2535.
num_chunks_enlarged: 1554.
num_inconsistent_stats: 0.

CodeHeap 'non-profiled nmethods': size=120000Kb used=2056Kb max_used=2056Kb free=117944Kb
 bounds [0x0000013954f10000, 0x0000013955180000, 0x000001395c440000]
CodeHeap 'profiled nmethods': size=120000Kb used=6813Kb max_used=6813Kb free=113186Kb
 bounds [0x000001394d440000, 0x000001394daf0000, 0x0000013954970000]
CodeHeap 'non-nmethods': size=5760Kb used=1522Kb max_used=1560Kb free=4237Kb
 bounds [0x0000013954970000, 0x0000013954be0000, 0x0000013954f10000]
CodeCache: size=245760Kb, used=10391Kb, max_used=10429Kb, free=235367Kb
 total_blobs=4135, nmethods=3528, adapters=510, full_count=0
Compilation: enabled, stopped_count=0, restarted_count=0

Compilation events (20 events):
Event: 7.603 Thread 0x0000013961fb4820 3963       2       java.lang.ClassValue$Entry::isPromise (14 bytes)
Event: 7.603 Thread 0x0000013961fb4820 nmethod 3963 0x000001394daded90 code [0x000001394dadef20, 0x000001394dadf038]
Event: 7.605 Thread 0x0000013961fb4820 3964       1       org.codehaus.groovy.util.ManagedConcurrentLinkedQueue::access$000 (5 bytes)
Event: 7.605 Thread 0x0000013961fb4820 nmethod 3964 0x0000013955103790 code [0x0000013955103920, 0x00000139551039d0]
Event: 7.605 Thread 0x0000013961fb4820 3965       1       org.codehaus.groovy.reflection.ClassInfo::access$200 (5 bytes)
Event: 7.605 Thread 0x0000013961fb4820 nmethod 3965 0x0000013955103a90 code [0x0000013955103c20, 0x0000013955103cd0]
Event: 7.606 Thread 0x0000013961fb4820 3966       1       java.util.Collections$EmptySet::contains (2 bytes)
Event: 7.606 Thread 0x0000013961fb4820 nmethod 3966 0x0000013955103d90 code [0x0000013955103f20, 0x0000013955103fe8]
Event: 7.607 Thread 0x0000013961fb4820 3967       2       java.lang.String::join (281 bytes)
Event: 7.608 Thread 0x0000013961fb4820 nmethod 3967 0x000001394dadf110 code [0x000001394dadf360, 0x000001394dadfb48]
Event: 7.610 Thread 0x0000013961fb4820 3968       2       org.codehaus.groovy.reflection.ParameterTypes::getParameterTypes (16 bytes)
Event: 7.610 Thread 0x0000013961fb4820 nmethod 3968 0x000001394dae0290 code [0x000001394dae0440, 0x000001394dae0580]
Event: 7.656 Thread 0x0000013961fb4820 3969       2       java.util.stream.AbstractPipeline::<init> (91 bytes)
Event: 7.657 Thread 0x0000013961fb4820 nmethod 3969 0x000001394dae0610 code [0x000001394dae07e0, 0x000001394dae0ba0]
Event: 7.657 Thread 0x0000013961fb4820 3970       2       groovy.lang.MetaMethod::<init> (5 bytes)
Event: 7.657 Thread 0x0000013961fb4820 nmethod 3970 0x000001394dae0d10 code [0x000001394dae0ea0, 0x000001394dae0fa8]
Event: 7.657 Thread 0x0000013961fb4820 3971       2       org.codehaus.groovy.reflection.ParameterTypes::<init> (5 bytes)
Event: 7.657 Thread 0x0000013961fb4820 nmethod 3971 0x000001394dae1090 code [0x000001394dae1220, 0x000001394dae1328]
Event: 7.657 Thread 0x0000013961fb4820 3972       2       org.codehaus.groovy.reflection.ReflectionCache::setAssignableFrom (1 bytes)
Event: 7.657 Thread 0x0000013961fb4820 nmethod 3972 0x000001394dae1410 code [0x000001394dae15a0, 0x000001394dae1688]

GC Heap History (16 events):
Event: 0.512 GC heap before
{Heap before GC invocations=0 (full 0):
 garbage-first heap   total 249856K, used 22528K [0x0000000080000000, 0x0000000100000000)
  region size 1024K, 23 young (23552K), 0 survivors (0K)
 Metaspace       used 7633K, committed 7808K, reserved 1114112K
  class space    used 705K, committed 768K, reserved 1048576K
}
Event: 0.515 GC heap after
{Heap after GC invocations=1 (full 0):
 garbage-first heap   total 249856K, used 1792K [0x0000000080000000, 0x0000000100000000)
  region size 1024K, 2 young (2048K), 2 survivors (2048K)
 Metaspace       used 7633K, committed 7808K, reserved 1114112K
  class space    used 705K, committed 768K, reserved 1048576K
}
Event: 1.214 GC heap before
{Heap before GC invocations=1 (full 0):
 garbage-first heap   total 249856K, used 41728K [0x0000000080000000, 0x0000000100000000)
  region size 1024K, 39 young (39936K), 2 survivors (2048K)
 Metaspace       used 12365K, committed 12608K, reserved 1114112K
  class space    used 1350K, committed 1472K, reserved 1048576K
}
Event: 1.219 GC heap after
{Heap after GC invocations=2 (full 0):
 garbage-first heap   total 249856K, used 10917K [0x0000000080000000, 0x0000000100000000)
  region size 1024K, 5 young (5120K), 5 survivors (5120K)
 Metaspace       used 12365K, committed 12608K, reserved 1114112K
  class space    used 1350K, committed 1472K, reserved 1048576K
}
Event: 2.557 GC heap before
{Heap before GC invocations=2 (full 0):
 garbage-first heap   total 249856K, used 92837K [0x0000000080000000, 0x0000000100000000)
  region size 1024K, 84 young (86016K), 5 survivors (5120K)
 Metaspace       used 21218K, committed 21504K, reserved 1114112K
  class space    used 2524K, committed 2624K, reserved 1048576K
}
Event: 2.565 GC heap after
{Heap after GC invocations=3 (full 0):
 garbage-first heap   total 249856K, used 20171K [0x0000000080000000, 0x0000000100000000)
  region size 1024K, 14 young (14336K), 14 survivors (14336K)
 Metaspace       used 21218K, committed 21504K, reserved 1114112K
  class space    used 2524K, committed 2624K, reserved 1048576K
}
Event: 3.283 GC heap before
{Heap before GC invocations=4 (full 0):
 garbage-first heap   total 71680K, used 48843K [0x0000000080000000, 0x0000000100000000)
  region size 1024K, 42 young (43008K), 14 survivors (14336K)
 Metaspace       used 26320K, committed 26816K, reserved 1114112K
  class space    used 3305K, committed 3520K, reserved 1048576K
}
Event: 3.290 GC heap after
{Heap after GC invocations=5 (full 0):
 garbage-first heap   total 71680K, used 21956K [0x0000000080000000, 0x0000000100000000)
  region size 1024K, 3 young (3072K), 3 survivors (3072K)
 Metaspace       used 26320K, committed 26816K, reserved 1114112K
  class space    used 3305K, committed 3520K, reserved 1048576K
}
Event: 4.727 GC heap before
{Heap before GC invocations=5 (full 0):
 garbage-first heap   total 71680K, used 53700K [0x0000000080000000, 0x0000000100000000)
  region size 1024K, 35 young (35840K), 3 survivors (3072K)
 Metaspace       used 30753K, committed 31296K, reserved 1114112K
  class space    used 4117K, committed 4352K, reserved 1048576K
}
Event: 4.732 GC heap after
{Heap after GC invocations=6 (full 0):
 garbage-first heap   total 71680K, used 24267K [0x0000000080000000, 0x0000000100000000)
  region size 1024K, 4 young (4096K), 4 survivors (4096K)
 Metaspace       used 30753K, committed 31296K, reserved 1114112K
  class space    used 4117K, committed 4352K, reserved 1048576K
}
Event: 5.689 GC heap before
{Heap before GC invocations=6 (full 0):
 garbage-first heap   total 71680K, used 56011K [0x0000000080000000, 0x0000000100000000)
  region size 1024K, 36 young (36864K), 4 survivors (4096K)
 Metaspace       used 35190K, committed 35968K, reserved 1114112K
  class space    used 4861K, committed 5248K, reserved 1048576K
}
Event: 5.694 GC heap after
{Heap after GC invocations=7 (full 0):
 garbage-first heap   total 71680K, used 26648K [0x0000000080000000, 0x0000000100000000)
  region size 1024K, 5 young (5120K), 5 survivors (5120K)
 Metaspace       used 35190K, committed 35968K, reserved 1114112K
  class space    used 4861K, committed 5248K, reserved 1048576K
}
Event: 6.589 GC heap before
{Heap before GC invocations=8 (full 0):
 garbage-first heap   total 71680K, used 58392K [0x0000000080000000, 0x0000000100000000)
  region size 1024K, 37 young (37888K), 5 survivors (5120K)
 Metaspace       used 39309K, committed 40256K, reserved 1114112K
  class space    used 5575K, committed 6016K, reserved 1048576K
}
Event: 6.595 GC heap after
{Heap after GC invocations=9 (full 0):
 garbage-first heap   total 71680K, used 28168K [0x0000000080000000, 0x0000000100000000)
  region size 1024K, 4 young (4096K), 4 survivors (4096K)
 Metaspace       used 39309K, committed 40256K, reserved 1114112K
  class space    used 5575K, committed 6016K, reserved 1048576K
}
Event: 7.594 GC heap before
{Heap before GC invocations=9 (full 0):
 garbage-first heap   total 71680K, used 60936K [0x0000000080000000, 0x0000000100000000)
  region size 1024K, 36 young (36864K), 4 survivors (4096K)
 Metaspace       used 44567K, committed 45760K, reserved 1114112K
  class space    used 6357K, committed 6912K, reserved 1048576K
}
Event: 7.599 GC heap after
{Heap after GC invocations=10 (full 0):
 garbage-first heap   total 71680K, used 30184K [0x0000000080000000, 0x0000000100000000)
  region size 1024K, 5 young (5120K), 5 survivors (5120K)
 Metaspace       used 44567K, committed 45760K, reserved 1114112K
  class space    used 6357K, committed 6912K, reserved 1048576K
}

Dll operation events (3 events):
Event: 0.012 Loaded shared library D:\develop\Android\Android Studio\jbr\bin\java.dll
Event: 0.019 Loaded shared library D:\develop\Android\Android Studio\jbr\bin\zip.dll
Event: 0.696 Loaded shared library D:\develop\Android\Android Studio\jbr\bin\verify.dll

Deoptimization events (20 events):
Event: 7.392 Thread 0x00000139684bca70 Uncommon trap: trap_request=0xffffffde fr.pc=0x0000013954f94f3c relative=0x0000000000000adc
Event: 7.392 Thread 0x00000139684bca70 Uncommon trap: reason=class_check action=maybe_recompile pc=0x0000013954f94f3c method=java.io.BufferedInputStream.implRead([BII)I @ 100 c2
Event: 7.392 Thread 0x00000139684bca70 DEOPT PACKING pc=0x0000013954f94f3c sp=0x000000287b4f8460
Event: 7.392 Thread 0x00000139684bca70 DEOPT UNPACKING pc=0x00000139549c46a2 sp=0x000000287b4f8448 mode 2
Event: 7.435 Thread 0x00000139684bca70 Uncommon trap: trap_request=0xffffff45 fr.pc=0x0000013955049f60 relative=0x0000000000000640
Event: 7.435 Thread 0x00000139684bca70 Uncommon trap: reason=unstable_if action=reinterpret pc=0x0000013955049f60 method=jdk.internal.org.objectweb.asm.MethodWriter.visitVarInsn(II)V @ 108 c2
Event: 7.435 Thread 0x00000139684bca70 DEOPT PACKING pc=0x0000013955049f60 sp=0x000000287b4f01b0
Event: 7.435 Thread 0x00000139684bca70 DEOPT UNPACKING pc=0x00000139549c46a2 sp=0x000000287b4f0178 mode 2
Event: 7.435 Thread 0x00000139684bca70 Uncommon trap: trap_request=0xffffff45 fr.pc=0x0000013954f685b4 relative=0x0000000000001554
Event: 7.435 Thread 0x00000139684bca70 Uncommon trap: reason=unstable_if action=reinterpret pc=0x0000013954f685b4 method=jdk.internal.org.objectweb.asm.MethodWriter.visitMethodInsn(ILjava/lang/String;Ljava/lang/String;Ljava/lang/String;Z)V @ 81 c2
Event: 7.435 Thread 0x00000139684bca70 DEOPT PACKING pc=0x0000013954f685b4 sp=0x000000287b4f0180
Event: 7.435 Thread 0x00000139684bca70 DEOPT UNPACKING pc=0x00000139549c46a2 sp=0x000000287b4f0140 mode 2
Event: 7.435 Thread 0x00000139684bca70 Uncommon trap: trap_request=0xffffff45 fr.pc=0x0000013954f39a04 relative=0x0000000000000964
Event: 7.435 Thread 0x00000139684bca70 Uncommon trap: reason=unstable_if action=reinterpret pc=0x0000013954f39a04 method=jdk.internal.org.objectweb.asm.MethodWriter.visitInsn(I)V @ 24 c2
Event: 7.435 Thread 0x00000139684bca70 DEOPT PACKING pc=0x0000013954f39a04 sp=0x000000287b4f0190
Event: 7.435 Thread 0x00000139684bca70 DEOPT UNPACKING pc=0x00000139549c46a2 sp=0x000000287b4f0178 mode 2
Event: 7.437 Thread 0x00000139684bca70 Uncommon trap: trap_request=0xffffff45 fr.pc=0x0000013955094eec relative=0x0000000000000c8c
Event: 7.437 Thread 0x00000139684bca70 Uncommon trap: reason=unstable_if action=reinterpret pc=0x0000013955094eec method=java.lang.invoke.LambdaForm.useCount(Ljava/lang/invoke/LambdaForm$Name;)I @ 8 c2
Event: 7.437 Thread 0x00000139684bca70 DEOPT PACKING pc=0x0000013955094eec sp=0x000000287b4f5bd0
Event: 7.437 Thread 0x00000139684bca70 DEOPT UNPACKING pc=0x00000139549c46a2 sp=0x000000287b4f5aa0 mode 2

Classes loaded (20 events):
Event: 7.682 Loading class java/awt/event/KeyListener done
Event: 7.682 Loading class java/awt/event/MouseListener
Event: 7.682 Loading class java/awt/event/MouseListener done
Event: 7.682 Loading class java/awt/event/MouseMotionListener
Event: 7.682 Loading class java/awt/event/MouseMotionListener done
Event: 7.682 Loading class java/awt/event/MouseWheelListener
Event: 7.682 Loading class java/awt/event/MouseWheelListener done
Event: 7.682 Loading class java/awt/event/InputMethodListener
Event: 7.682 Loading class java/awt/event/InputMethodListener done
Event: 7.682 Loading class java/awt/im/InputMethodRequests
Event: 7.682 Loading class java/awt/im/InputMethodRequests done
Event: 7.682 Loading class sun/awt/RequestFocusController
Event: 7.683 Loading class sun/awt/RequestFocusController done
Event: 7.683 Loading class java/awt/ComponentOrientation
Event: 7.683 Loading class java/awt/ComponentOrientation done
Event: 7.683 Loading class javax/accessibility/AccessibleStateSet
Event: 7.683 Loading class javax/accessibility/AccessibleStateSet done
Event: 7.683 Loading class java/awt/event/FocusEvent$Cause
Event: 7.683 Loading class java/awt/event/FocusEvent$Cause done
Event: 7.683 Loading class java/awt/GraphicsConfiguration

Classes unloaded (0 events):
No events

Classes redefined (0 events):
No events

Internal exceptions (20 events):
Event: 6.853 Thread 0x00000139684bca70 Exception <a 'java/lang/NoSuchMethodError'{0x0000000089bb5ae8}: 'java.lang.Object java.lang.invoke.DirectMethodHandle$Holder.newInvokeSpecial(java.lang.Object, java.lang.Object, java.lang.Object, java.lang.Object, java.lang.Object, java.lang.Object, java.lang.Object, java.lang.Object, java.lang.Object, java.lang.Object, java.lang.Object, java.lang.Object, java.lang.Object, java.lang.Object, java.lang.Object, java.lang.Object, java.lang.Object, java.lang.Object, java.lang.Object)'> (0x0000000089bb5ae8) 
thr
Event: 6.854 Thread 0x00000139684bca70 Exception <a 'java/lang/NoSuchMethodError'{0x0000000089bbc528}: 'java.lang.Object java.lang.invoke.DirectMethodHandle$Holder.invokeSpecial(java.lang.Object, java.lang.Object, java.lang.Object, java.lang.Object, java.lang.Object, java.lang.Object, java.lang.Object, java.lang.Object, java.lang.Object, java.lang.Object, java.lang.Object, java.lang.Object, java.lang.Object, java.lang.Object, java.lang.Object, java.lang.Object, java.lang.Object, java.lang.Object, java.lang.Object, java.lang.Object)'> (0x0000000
Event: 6.854 Thread 0x00000139684bca70 Exception <a 'java/lang/NoSuchMethodError'{0x0000000089bc1b38}: 'java.lang.Object java.lang.invoke.DelegatingMethodHandle$Holder.reinvoke_L(java.lang.Object, java.lang.Object, java.lang.Object, java.lang.Object, java.lang.Object, java.lang.Object, java.lang.Object, java.lang.Object, java.lang.Object, java.lang.Object, java.lang.Object, java.lang.Object, java.lang.Object, java.lang.Object, java.lang.Object, java.lang.Object, java.lang.Object, java.lang.Object, java.lang.Object)'> (0x0000000089bc1b38) 
throw
Event: 7.006 Thread 0x00000139684bca70 Exception <a 'java/lang/IncompatibleClassChangeError'{0x00000000895b3860}: Found class java.lang.Object, but interface was expected> (0x00000000895b3860) 
thrown [s\src\hotspot\share\interpreter\linkResolver.cpp, line 851]
Event: 7.025 Thread 0x00000139684bca70 Exception <a 'java/lang/NoSuchMethodError'{0x0000000089468fd8}: 'java.lang.Object java.lang.invoke.DirectMethodHandle$Holder.newInvokeSpecial(java.lang.Object, java.lang.Object, long)'> (0x0000000089468fd8) 
thrown [s\src\hotspot\share\interpreter\linkResolver.cpp, line 784]
Event: 7.025 Thread 0x00000139684bca70 Exception <a 'java/lang/NoSuchMethodError'{0x000000008946d3c0}: 'java.lang.Object java.lang.invoke.Invokers$Holder.linkToTargetMethod(java.lang.Object, long, java.lang.Object)'> (0x000000008946d3c0) 
thrown [s\src\hotspot\share\interpreter\linkResolver.cpp, line 784]
Event: 7.070 Thread 0x00000139684bca70 Exception <a 'java/lang/NoSuchMethodError'{0x00000000892d0478}: 'int java.lang.invoke.DirectMethodHandle$Holder.invokeInterface(java.lang.Object, java.lang.Object)'> (0x00000000892d0478) 
thrown [s\src\hotspot\share\interpreter\linkResolver.cpp, line 784]
Event: 7.080 Thread 0x00000139684bca70 Exception <a 'java/lang/NoSuchMethodError'{0x0000000083545400}: 'java.lang.Object java.lang.invoke.DirectMethodHandle$Holder.invokeVirtual(java.lang.Object, java.lang.Object, int)'> (0x0000000083545400) 
thrown [s\src\hotspot\share\interpreter\linkResolver.cpp, line 784]
Event: 7.086 Thread 0x00000139684bca70 Exception <a 'java/lang/NoSuchMethodError'{0x0000000083578060}: 'void java.lang.invoke.DirectMethodHandle$Holder.invokeStatic(java.lang.Object, java.lang.Object, java.lang.Object, int)'> (0x0000000083578060) 
thrown [s\src\hotspot\share\interpreter\linkResolver.cpp, line 784]
Event: 7.105 Thread 0x00000139684bca70 Exception <a 'java/lang/NoSuchMethodError'{0x0000000083411de0}: 'java.lang.Object java.lang.invoke.DirectMethodHandle$Holder.invokeStatic(java.lang.Object, java.lang.Object, int, java.lang.Object)'> (0x0000000083411de0) 
thrown [s\src\hotspot\share\interpreter\linkResolver.cpp, line 784]
Event: 7.105 Thread 0x00000139684bca70 Exception <a 'java/lang/NoSuchMethodError'{0x0000000083419238}: 'java.lang.Object java.lang.invoke.DirectMethodHandle$Holder.newInvokeSpecial(java.lang.Object, java.lang.Object, int, java.lang.Object)'> (0x0000000083419238) 
thrown [s\src\hotspot\share\interpreter\linkResolver.cpp, line 784]
Event: 7.105 Thread 0x00000139684bca70 Exception <a 'java/lang/NoSuchMethodError'{0x000000008341dcd0}: 'java.lang.Object java.lang.invoke.DirectMethodHandle$Holder.invokeSpecial(java.lang.Object, java.lang.Object, java.lang.Object, int, java.lang.Object)'> (0x000000008341dcd0) 
thrown [s\src\hotspot\share\interpreter\linkResolver.cpp, line 784]
Event: 7.203 Thread 0x00000139684bca70 Exception <a 'java/lang/NoSuchMethodError'{0x0000000083287480}: 'void java.lang.invoke.DirectMethodHandle$Holder.invokeInterface(java.lang.Object, java.lang.Object, java.lang.Object, java.lang.Object, java.lang.Object, java.lang.Object, java.lang.Object)'> (0x0000000083287480) 
thrown [s\src\hotspot\share\interpreter\linkResolver.cpp, line 784]
Event: 7.204 Thread 0x00000139684bca70 Exception <a 'java/lang/NoSuchMethodError'{0x000000008328be08}: 'void java.lang.invoke.DelegatingMethodHandle$Holder.reinvoke_L(java.lang.Object, java.lang.Object, java.lang.Object, java.lang.Object, java.lang.Object, java.lang.Object, java.lang.Object)'> (0x000000008328be08) 
thrown [s\src\hotspot\share\interpreter\linkResolver.cpp, line 784]
Event: 7.254 Thread 0x00000139684bca70 Exception <a 'java/lang/NoSuchMethodError'{0x00000000830559f0}: 'java.lang.Object java.lang.invoke.DirectMethodHandle$Holder.invokeSpecial(java.lang.Object, java.lang.Object, java.lang.Object, int, java.lang.Object, java.lang.Object)'> (0x00000000830559f0) 
thrown [s\src\hotspot\share\interpreter\linkResolver.cpp, line 784]
Event: 7.435 Thread 0x00000139684bca70 Implicit null exception at 0x0000013955049a34 to 0x0000013955049f54
Event: 7.435 Thread 0x00000139684bca70 Implicit null exception at 0x0000013954f67160 to 0x0000013954f685a4
Event: 7.435 Thread 0x00000139684bca70 Implicit null exception at 0x0000013954f39130 to 0x0000013954f399f4
Event: 7.435 Thread 0x00000139684bca70 Exception <a 'java/lang/NoSuchMethodError'{0x0000000082b8eb28}: 'java.lang.reflect.Method[] java.lang.Class.getDeclaredMethods(java.lang.Class)'> (0x0000000082b8eb28) 
thrown [s\src\hotspot\share\interpreter\linkResolver.cpp, line 784]
Event: 7.515 Thread 0x00000139684bca70 Exception <a 'java/lang/NoSuchMethodError'{0x000000008293c2e0}: 'void java.lang.invoke.DirectMethodHandle$Holder.invokeStaticInit(java.lang.Object, java.lang.Object, java.lang.Object, java.lang.Object, java.lang.Object)'> (0x000000008293c2e0) 
thrown [s\src\hotspot\share\interpreter\linkResolver.cpp, line 784]

ZGC Phase Switch (0 events):
No events

VM Operations (20 events):
Event: 6.565 Executing VM operation: HandshakeAllThreads (Deoptimize)
Event: 6.566 Executing VM operation: HandshakeAllThreads (Deoptimize) done
Event: 6.589 Executing VM operation: G1CollectForAllocation (G1 Evacuation Pause)
Event: 6.596 Executing VM operation: G1CollectForAllocation (G1 Evacuation Pause) done
Event: 7.009 Executing VM operation: HandshakeAllThreads (Deoptimize)
Event: 7.009 Executing VM operation: HandshakeAllThreads (Deoptimize) done
Event: 7.029 Executing VM operation: HandshakeAllThreads (Deoptimize)
Event: 7.029 Executing VM operation: HandshakeAllThreads (Deoptimize) done
Event: 7.208 Executing VM operation: HandshakeAllThreads (Deoptimize)
Event: 7.208 Executing VM operation: HandshakeAllThreads (Deoptimize) done
Event: 7.209 Executing VM operation: HandshakeAllThreads (Deoptimize)
Event: 7.209 Executing VM operation: HandshakeAllThreads (Deoptimize) done
Event: 7.419 Executing VM operation: HandshakeAllThreads (Deoptimize)
Event: 7.420 Executing VM operation: HandshakeAllThreads (Deoptimize) done
Event: 7.428 Executing VM operation: ICBufferFull
Event: 7.428 Executing VM operation: ICBufferFull done
Event: 7.593 Executing VM operation: G1CollectForAllocation (G1 Evacuation Pause)
Event: 7.599 Executing VM operation: G1CollectForAllocation (G1 Evacuation Pause) done
Event: 7.662 Executing VM operation: HandshakeAllThreads (Deoptimize)
Event: 7.662 Executing VM operation: HandshakeAllThreads (Deoptimize) done

Memory protections (0 events):
No events

Nmethod flushes (20 events):
Event: 5.719 Thread 0x0000013961ef47b0 flushing  nmethod 0x000001394d4b4790
Event: 5.719 Thread 0x0000013961ef47b0 flushing  nmethod 0x000001394d4b5590
Event: 5.719 Thread 0x0000013961ef47b0 flushing  nmethod 0x000001394d4b5c10
Event: 5.719 Thread 0x0000013961ef47b0 flushing  nmethod 0x000001394d4f2d10
Event: 5.719 Thread 0x0000013961ef47b0 flushing  nmethod 0x000001394d4f8f10
Event: 5.719 Thread 0x0000013961ef47b0 flushing  nmethod 0x000001394d5c2a90
Event: 5.719 Thread 0x0000013961ef47b0 flushing  nmethod 0x000001394d5c2e10
Event: 5.719 Thread 0x0000013961ef47b0 flushing  nmethod 0x000001394d5c3690
Event: 5.719 Thread 0x0000013961ef47b0 flushing  nmethod 0x000001394d5c4e90
Event: 5.719 Thread 0x0000013961ef47b0 flushing  nmethod 0x000001394d5f8910
Event: 5.719 Thread 0x0000013961ef47b0 flushing  nmethod 0x000001394d64eb10
Event: 5.719 Thread 0x0000013961ef47b0 flushing  nmethod 0x000001394d64f190
Event: 5.719 Thread 0x0000013961ef47b0 flushing  nmethod 0x000001394d65c910
Event: 5.719 Thread 0x0000013961ef47b0 flushing  nmethod 0x000001394d661d10
Event: 5.719 Thread 0x0000013961ef47b0 flushing  nmethod 0x000001394d7e1e10
Event: 5.719 Thread 0x0000013961ef47b0 flushing  nmethod 0x000001394d7e2990
Event: 5.719 Thread 0x0000013961ef47b0 flushing  nmethod 0x000001394d7e2d10
Event: 5.719 Thread 0x0000013961ef47b0 flushing  nmethod 0x000001394d825510
Event: 5.719 Thread 0x0000013961ef47b0 flushing  nmethod 0x000001394d829590
Event: 5.719 Thread 0x0000013961ef47b0 flushing  nmethod 0x000001394d87c310

Events (20 events):
Event: 2.506 Thread 0x00000139684bca70 Thread added: 0x00000139684bc3e0
Event: 2.511 Thread 0x00000139684bca70 Thread added: 0x00000139684bbd50
Event: 2.513 Thread 0x00000139684bca70 Thread added: 0x00000139684beb40
Event: 3.041 Thread 0x00000139623c6440 Thread exited: 0x00000139623c6440
Event: 3.068 Thread 0x00000139684bca70 Thread added: 0x00000139684bf1d0
Event: 3.080 Thread 0x00000139684bca70 Thread added: 0x00000139684bd100
Event: 3.127 Thread 0x00000139684bca70 Thread added: 0x00000139684bd790
Event: 3.369 Thread 0x0000013961fb4820 Thread added: 0x00000139623c56a0
Event: 4.512 Thread 0x00000139623c56a0 Thread exited: 0x00000139623c56a0
Event: 5.198 Thread 0x00000139684bca70 Thread added: 0x00000139684be4b0
Event: 5.236 Thread 0x00000139684bca70 Thread added: 0x000001396af1f1d0
Event: 5.617 Thread 0x00000139684bca70 Thread added: 0x000001396af20580
Event: 5.626 Thread 0x00000139684bca70 Thread added: 0x000001396af1de20
Event: 6.005 Thread 0x00000139684bca70 Thread added: 0x000001396af1d790
Event: 6.061 Thread 0x00000139684bca70 Thread added: 0x000001396af21930
Event: 6.457 Thread 0x00000139684bca70 Thread added: 0x000001396af20c10
Event: 6.474 Thread 0x0000013961faaf00 Thread added: 0x00000139623c56a0
Event: 6.705 Thread 0x00000139684bca70 Thread added: 0x000001396af1e4b0
Event: 7.106 Thread 0x00000139684bca70 Thread added: 0x000001396af212a0
Event: 7.181 Thread 0x00000139684bca70 Thread added: 0x000001396af21fc0


Dynamic libraries:
0x00007ff710730000 - 0x00007ff71073a000 	D:\develop\Android\Android Studio\jbr\bin\java.exe
0x00007fffaebe0000 - 0x00007fffaee47000 	C:\WINDOWS\SYSTEM32\ntdll.dll
0x00007fffad860000 - 0x00007fffad929000 	C:\WINDOWS\System32\KERNEL32.DLL
0x00007fffabff0000 - 0x00007fffac3df000 	C:\WINDOWS\System32\KERNELBASE.dll
0x00007fffabea0000 - 0x00007fffabfeb000 	C:\WINDOWS\System32\ucrtbase.dll
0x00007fff8ba30000 - 0x00007fff8ba4b000 	D:\develop\Android\Android Studio\jbr\bin\VCRUNTIME140.dll
0x00007fff73190000 - 0x00007fff731a8000 	D:\develop\Android\Android Studio\jbr\bin\jli.dll
0x00007fffad390000 - 0x00007fffad555000 	C:\WINDOWS\System32\USER32.dll
0x00007fffac6a0000 - 0x00007fffac6c7000 	C:\WINDOWS\System32\win32u.dll
0x00007fff99c30000 - 0x00007fff99ec3000 	C:\WINDOWS\WinSxS\amd64_microsoft.windows.common-controls_6595b64144ccf1df_6.0.26100.7309_none_3e05feeae336a044\COMCTL32.dll
0x00007fffad750000 - 0x00007fffad77b000 	C:\WINDOWS\System32\GDI32.dll
0x00007fffaeaf0000 - 0x00007fffaeb99000 	C:\WINDOWS\System32\msvcrt.dll
0x00007fffac3f0000 - 0x00007fffac51c000 	C:\WINDOWS\System32\gdi32full.dll
0x00007fffac8d0000 - 0x00007fffac973000 	C:\WINDOWS\System32\msvcp_win.dll
0x00007fffad700000 - 0x00007fffad731000 	C:\WINDOWS\System32\IMM32.DLL
0x00007fff8ba20000 - 0x00007fff8ba2c000 	D:\develop\Android\Android Studio\jbr\bin\vcruntime140_1.dll
0x00007fff44620000 - 0x00007fff446ad000 	D:\develop\Android\Android Studio\jbr\bin\msvcp140.dll
0x00007fff19270000 - 0x00007fff19f06000 	D:\develop\Android\Android Studio\jbr\bin\server\jvm.dll
0x00007fffad930000 - 0x00007fffad9e4000 	C:\WINDOWS\System32\ADVAPI32.dll
0x00007fffae6e0000 - 0x00007fffae786000 	C:\WINDOWS\System32\sechost.dll
0x00007fffad560000 - 0x00007fffad678000 	C:\WINDOWS\System32\RPCRT4.dll
0x00007fffae5e0000 - 0x00007fffae654000 	C:\WINDOWS\System32\WS2_32.dll
0x00007fffabb50000 - 0x00007fffabbae000 	C:\WINDOWS\SYSTEM32\POWRPROF.dll
0x00007fffa36d0000 - 0x00007fffa3705000 	C:\WINDOWS\SYSTEM32\WINMM.dll
0x00007fffa3710000 - 0x00007fffa371b000 	C:\WINDOWS\SYSTEM32\VERSION.dll
0x00007fffabb30000 - 0x00007fffabb44000 	C:\WINDOWS\SYSTEM32\UMPDC.dll
0x00007fffaaa80000 - 0x00007fffaaa9b000 	C:\WINDOWS\SYSTEM32\kernel.appcore.dll
0x00007fff8ba10000 - 0x00007fff8ba1a000 	D:\develop\Android\Android Studio\jbr\bin\jimage.dll
0x00007fffa94a0000 - 0x00007fffa96e2000 	C:\WINDOWS\SYSTEM32\DBGHELP.DLL
0x00007fffacdf0000 - 0x00007fffad176000 	C:\WINDOWS\System32\combase.dll
0x00007fffae820000 - 0x00007fffae8f6000 	C:\WINDOWS\System32\OLEAUT32.dll
0x00007fff95880000 - 0x00007fff958bc000 	C:\WINDOWS\SYSTEM32\dbgcore.DLL
0x00007fffac6d0000 - 0x00007fffac775000 	C:\WINDOWS\System32\bcryptPrimitives.dll
0x00007fff94d70000 - 0x00007fff94d7e000 	D:\develop\Android\Android Studio\jbr\bin\instrument.dll
0x00007fff8b9b0000 - 0x00007fff8b9d0000 	D:\develop\Android\Android Studio\jbr\bin\java.dll
0x00007fff86530000 - 0x00007fff86548000 	D:\develop\Android\Android Studio\jbr\bin\zip.dll
0x00007fffade80000 - 0x00007fffae5d3000 	C:\WINDOWS\System32\SHELL32.dll
0x00007fffabd30000 - 0x00007fffabe9a000 	C:\WINDOWS\System32\wintypes.dll
0x00007fffa98b0000 - 0x00007fffaa10e000 	C:\WINDOWS\SYSTEM32\windows.storage.dll
0x00007fffad290000 - 0x00007fffad385000 	C:\WINDOWS\System32\SHCORE.dll
0x00007fffad780000 - 0x00007fffad7e6000 	C:\WINDOWS\System32\shlwapi.dll
0x00007fffabc10000 - 0x00007fffabc39000 	C:\WINDOWS\SYSTEM32\profapi.dll
0x00007fff8ba00000 - 0x00007fff8ba10000 	D:\develop\Android\Android Studio\jbr\bin\net.dll
0x00007fffa13f0000 - 0x00007fffa1518000 	C:\WINDOWS\SYSTEM32\WINHTTP.dll
0x00007fffab010000 - 0x00007fffab07b000 	C:\WINDOWS\system32\mswsock.dll
0x00007fff86510000 - 0x00007fff86526000 	D:\develop\Android\Android Studio\jbr\bin\nio.dll
0x00007fff84610000 - 0x00007fff84620000 	D:\develop\Android\Android Studio\jbr\bin\verify.dll
0x00007fff7d820000 - 0x00007fff7d847000 	C:\Users\jane\.gradle\native\1def1411415f61bf3af743bc5b6707747c0891f09f0c88961ee8f79bc544acac\windows-amd64\native-platform.dll
0x00007fff50cc0000 - 0x00007fff50d38000 	C:\Users\jane\.gradle\native\0.2.7\x86_64-windows-gnu\gradle-fileevents.dll
0x00007fff86500000 - 0x00007fff86509000 	D:\develop\Android\Android Studio\jbr\bin\management.dll
0x00007fff84630000 - 0x00007fff8463b000 	D:\develop\Android\Android Studio\jbr\bin\management_ext.dll
0x00007fffad740000 - 0x00007fffad748000 	C:\WINDOWS\System32\PSAPI.DLL
0x00007fffaa4b0000 - 0x00007fffaa4e4000 	C:\WINDOWS\SYSTEM32\IPHLPAPI.DLL
0x00007fffad180000 - 0x00007fffad18a000 	C:\WINDOWS\System32\NSI.dll
0x00007fff8b9a0000 - 0x00007fff8b9a9000 	D:\develop\Android\Android Studio\jbr\bin\extnet.dll
0x00007fffab2d0000 - 0x00007fffab2eb000 	C:\WINDOWS\SYSTEM32\CRYPTSP.dll
0x00007fffaa9e0000 - 0x00007fffaaa1a000 	C:\WINDOWS\system32\rsaenh.dll
0x00007fffab0c0000 - 0x00007fffab0eb000 	C:\WINDOWS\SYSTEM32\USERENV.dll
0x00007fffabbe0000 - 0x00007fffabc0a000 	C:\WINDOWS\SYSTEM32\bcrypt.dll
0x00007fffab2f0000 - 0x00007fffab2fc000 	C:\WINDOWS\SYSTEM32\CRYPTBASE.dll
0x00007fff740c0000 - 0x00007fff740c8000 	C:\WINDOWS\system32\wshunix.dll

JVMTI agents:
C:\Users\jane\.gradle\wrapper\dists\gradle-9.0-milestone-1-bin\3vdepk4s12bybhohyuvjcm1bd\gradle-9.0-milestone-1\lib\agents\gradle-instrumentation-agent-9.0.jar path:D:\develop\Android\Android Studio\jbr\bin\instrument.dll, loaded, initialized, instrumentlib options:none

dbghelp: loaded successfully - version: 4.0.5 - missing functions: none
symbol engine: initialized successfully - sym options: 0x614 - pdb path: .;D:\develop\Android\Android Studio\jbr\bin;C:\WINDOWS\SYSTEM32;C:\WINDOWS\WinSxS\amd64_microsoft.windows.common-controls_6595b64144ccf1df_6.0.26100.7309_none_3e05feeae336a044;D:\develop\Android\Android Studio\jbr\bin\server;C:\Users\jane\.gradle\native\1def1411415f61bf3af743bc5b6707747c0891f09f0c88961ee8f79bc544acac\windows-amd64;C:\Users\jane\.gradle\native\0.2.7\x86_64-windows-gnu

VM Arguments:
jvm_args: --add-opens=java.base/java.lang=ALL-UNNAMED --add-opens=java.base/java.lang.invoke=ALL-UNNAMED --add-opens=java.base/java.util=ALL-UNNAMED --add-opens=java.prefs/java.util.prefs=ALL-UNNAMED --add-exports=jdk.compiler/com.sun.tools.javac.api=ALL-UNNAMED --add-exports=jdk.compiler/com.sun.tools.javac.util=ALL-UNNAMED --add-opens=java.base/java.util=ALL-UNNAMED --add-opens=java.prefs/java.util.prefs=ALL-UNNAMED --add-opens=java.base/java.nio.charset=ALL-UNNAMED --add-opens=java.base/java.net=ALL-UNNAMED --add-opens=java.base/java.util.concurrent.atomic=ALL-UNNAMED --add-opens=java.xml/javax.xml.namespace=ALL-UNNAMED -Xmx2g -Dfile.encoding=UTF-8 -Duser.country=CN -Duser.language=zh -Duser.variant -javaagent:C:\Users\jane\.gradle\wrapper\dists\gradle-9.0-milestone-1-bin\3vdepk4s12bybhohyuvjcm1bd\gradle-9.0-milestone-1\lib\agents\gradle-instrumentation-agent-9.0.jar 
java_command: org.gradle.launcher.daemon.bootstrap.GradleDaemon 9.0-milestone-1
java_class_path (initial): C:\Users\jane\.gradle\wrapper\dists\gradle-9.0-milestone-1-bin\3vdepk4s12bybhohyuvjcm1bd\gradle-9.0-milestone-1\lib\gradle-daemon-main-9.0.jar
Launcher Type: SUN_STANDARD

[Global flags]
     intx CICompilerCount                          = 4                                         {product} {ergonomic}
     uint ConcGCThreads                            = 3                                         {product} {ergonomic}
     uint G1ConcRefinementThreads                  = 10                                        {product} {ergonomic}
   size_t G1HeapRegionSize                         = 1048576                                   {product} {ergonomic}
    uintx GCDrainStackTargetSize                   = 64                                        {product} {ergonomic}
   size_t InitialHeapSize                          = 255852544                                 {product} {ergonomic}
   size_t MarkStackSize                            = 4194304                                   {product} {ergonomic}
   size_t MaxHeapSize                              = 2147483648                                {product} {command line}
   size_t MaxNewSize                               = 1287651328                                {product} {ergonomic}
   size_t MinHeapDeltaBytes                        = 1048576                                   {product} {ergonomic}
   size_t MinHeapSize                              = 8388608                                   {product} {ergonomic}
    uintx NonNMethodCodeHeapSize                   = 5839372                                {pd product} {ergonomic}
    uintx NonProfiledCodeHeapSize                  = 122909434                              {pd product} {ergonomic}
    uintx ProfiledCodeHeapSize                     = 122909434                              {pd product} {ergonomic}
    uintx ReservedCodeCacheSize                    = 251658240                              {pd product} {ergonomic}
     bool SegmentedCodeCache                       = true                                      {product} {ergonomic}
   size_t SoftMaxHeapSize                          = 2147483648                             {manageable} {ergonomic}
     bool UseCompressedOops                        = true                           {product lp64_product} {ergonomic}
     bool UseG1GC                                  = true                                      {product} {ergonomic}
     bool UseLargePagesIndividualAllocation        = false                                  {pd product} {ergonomic}

Logging:
Log output configuration:
 #0: stdout all=warning uptime,level,tags foldmultilines=false
 #1: stderr all=off uptime,level,tags foldmultilines=false

Environment Variables:
JAVA_HOME=D:\develop\Javatwo\jdk-11
PATH=C:\WINDOWS\system32;C:\WINDOWS;C:\WINDOWS\System32\Wbem;C:\WINDOWS\System32\WindowsPowerShell\v1.0\;C:\WINDOWS\System32\OpenSSH\;C:\Program Files\WireGuard\;C:\Program Files\Cloudflare\Cloudflare WARP\;D:\develop\apache-maven-3.9.4\bin;D:\develop\mysql-8.0.34-winx64\bin;C:\Program Files\Git\cmd;D:\develop\cursor\resources\app\bin;D:\develop\nodejs\;D:\develop\nodejs\node_global\node_modules;D:\qt6\Tools\mingw1310_64\bin;D:\qt6\Tools\CMake_64\bin;D:\qt6\6.9.3\mingw_64\bin;D:\vcpkg;D:\develop\Javatwo\jdk-11\bin;C:\Program Files (x86)\Common Files\Oracle\Java\javapath;C:\Program Files\Common Files\Oracle\Java\javapath;D:\AndroidStudioSDK\platform-tools;D:\AndroidStudioSDK\build-tools\36.1.0;D:\develop\gradle-7.6.6\bin;C:\Users\jane\.cargo\bin;D:\anaconda3;D:\anaconda3\Library\mingw-w64\bin;D:\anaconda3\Library\usr\bin;D:\anaconda3\Library\bin;D:\anaconda3\Scripts;C:\Users\jane\AppData\Local\Programs\Python\Python39-32\Scripts\;C:\Users\jane\AppData\Local\Programs\Python\Python39-32\;C:\Users\jane\AppData\Local\Microsoft\WindowsApps;C:\Users\jane\AppData\Local\Programs\Microsoft VS Code\bin;D:\develop\IntelliJIDEA2024.2.2\bin;;D:\develop\DataGrip 2024.1.1\bin;;D:\develop\CodeBuddy CN\bin;C:\Users\jane\AppData\Roaming\npm;D:\developoverseas\Qoder\bin;D:\developoverseas\Antigravity\bin
USERNAME=jane
OS=Windows_NT
PROCESSOR_IDENTIFIER=AMD64 Family 25 Model 68 Stepping 1, AuthenticAMD
TMP=C:\Users\jane\AppData\Local\Temp
TEMP=C:\Users\jane\AppData\Local\Temp




Periodic native trim disabled

JNI global refs:
JNI global refs: 26, weak refs: 2

JNI global refs memory usage: 835, weak refs: 833

Process memory usage:
Resident Set Size: 246564K (1% of 15930312K total physical memory with 647736K free physical memory)

OOME stack traces (most recent first):
Classloader memory used:
Loader org.gradle.internal.classloader.VisitableURLClassLoader                         : 21148K
Loader bootstrap                                                                       : 20439K
Loader org.gradle.initialization.MixInLegacyTypesClassLoader                           : 4255K
Loader jdk.internal.loader.ClassLoaders$AppClassLoader                                 : 238K
Loader jdk.internal.loader.ClassLoaders$PlatformClassLoader                            : 156K
Loader org.gradle.groovy.scripts.internal.DefaultScriptCompilationHandler$ScriptClassLoader: 6352B

Classes loaded by more than one classloader:
Class org.gradle.internal.classloader.FilteringClassLoader                            : loaded 2 times (x 105B)
Class org.gradle.internal.classloader.ClassLoaderHierarchy                            : loaded 2 times (x 70B)
Class org.gradle.api.internal.classpath.ManifestUtil                                  : loaded 2 times (x 71B)
Class org.gradle.internal.classloader.DefaultClassLoaderFactory                       : loaded 2 times (x 82B)
Class org.gradle.internal.classloader.ClassLoaderVisitor                              : loaded 2 times (x 76B)
Class org.gradle.api.internal.classpath.EffectiveClassPath                            : loaded 2 times (x 90B)
Class org.gradle.api.internal.DefaultClassPathProvider                                : loaded 2 times (x 76B)
Class [Lorg.gradle.api.internal.ClassPathProvider;                                    : loaded 2 times (x 69B)
Class org.gradle.api.internal.ClassPathProvider                                       : loaded 2 times (x 70B)
Class org.gradle.internal.service.UnknownServiceException                             : loaded 2 times (x 83B)
Class org.gradle.internal.classpath.TransformedClassPath                              : loaded 2 times (x 96B)
Class org.gradle.internal.classloader.InstrumentingClassLoader                        : loaded 2 times (x 70B)
Class org.gradle.internal.service.ServiceLocator                                      : loaded 2 times (x 70B)
Class org.gradle.internal.InternalTransformer                                         : loaded 2 times (x 70B)
Class org.gradle.internal.classloader.ClasspathUtil$1                                 : loaded 2 times (x 76B)
Class org.gradle.api.internal.classpath.DefaultModuleRegistry$DefaultModule           : loaded 2 times (x 86B)
Class org.gradle.api.internal.classpath.Module                                        : loaded 2 times (x 70B)
Class org.gradle.api.internal.classpath.UnknownModuleException                        : loaded 2 times (x 82B)
Class org.gradle.api.internal.DefaultClassPathRegistry                                : loaded 2 times (x 76B)
Class org.gradle.api.internal.ClassPathRegistry                                       : loaded 2 times (x 70B)
Class org.gradle.internal.classpath.DefaultClassPath$ImmutableUniqueList              : loaded 2 times (x 199B)
Class org.gradle.internal.classpath.ClassPath                                         : loaded 2 times (x 70B)
Class org.gradle.api.UncheckedIOException                                             : loaded 2 times (x 82B)
Class org.gradle.internal.installation.GradleInstallation$1                           : loaded 2 times (x 75B)
Class org.gradle.api.internal.classpath.ModuleRegistry                                : loaded 2 times (x 70B)
Class org.gradle.api.internal.classpath.DefaultModuleRegistry                         : loaded 2 times (x 86B)
Class org.gradle.internal.service.ServiceLookupException                              : loaded 2 times (x 82B)
Class org.gradle.internal.classloader.ClassLoaderFactory                              : loaded 2 times (x 70B)
Class org.gradle.internal.service.CachingServiceLocator                               : loaded 2 times (x 82B)
Class org.gradle.internal.classloader.ClasspathUtil                                   : loaded 2 times (x 71B)
Class org.gradle.api.specs.Spec                                                       : loaded 2 times (x 70B)
Class org.gradle.internal.classloader.VisitableURLClassLoader$InstrumentingVisitableURLClassLoader: loaded 2 times (x 123B)
Class org.gradle.internal.classloader.VisitableURLClassLoader$Spec                    : loaded 2 times (x 74B)
Class org.gradle.internal.classpath.DefaultClassPath                                  : loaded 2 times (x 90B)
Class org.gradle.internal.classloader.ClassLoaderSpec                                 : loaded 2 times (x 71B)
Class org.gradle.internal.classloader.VisitableURLClassLoader                         : loaded 2 times (x 117B)
Class org.gradle.internal.Cast                                                        : loaded 2 times (x 71B)
Class org.gradle.api.Action                                                           : loaded 2 times (x 70B)
Class org.gradle.internal.classpath.DefaultClassPath$ImmutableUniqueList$Builder      : loaded 2 times (x 75B)
Class org.gradle.api.GradleException                                                  : loaded 2 times (x 82B)
Class org.gradle.internal.IoActions                                                   : loaded 2 times (x 71B)
Class org.gradle.internal.classloader.SystemClassLoaderSpec                           : loaded 2 times (x 71B)
Class org.gradle.api.internal.classpath.GlobalCacheRootsProvider                      : loaded 2 times (x 70B)
Class org.gradle.internal.installation.CurrentGradleInstallationLocator               : loaded 2 times (x 71B)
Class org.gradle.internal.service.DefaultServiceLocator                               : loaded 2 times (x 83B)
Class org.gradle.internal.installation.CurrentGradleInstallation                      : loaded 2 times (x 73B)
Class org.gradle.util.internal.GUtil                                                  : loaded 2 times (x 71B)
Class org.gradle.internal.installation.GradleInstallation                             : loaded 2 times (x 75B)

---------------  S Y S T E M  ---------------

OS:
 Windows 11 , 64 bit Build 26100 (10.0.26100.7623)
OS uptime: 0 days 3:25 hours
Hyper-V role detected

CPU: total 12 (initial active 12) (12 cores per cpu, 2 threads per core) family 25 model 68 stepping 1 microcode 0xa404101, cx8, cmov, fxsr, ht, mmx, 3dnowpref, sse, sse2, sse3, ssse3, sse4a, sse4.1, sse4.2, popcnt, lzcnt, tsc, tscinvbit, avx, avx2, aes, clmul, bmi1, bmi2, adx, sha, fma, vzeroupper, clflush, clflushopt, hv, rdtscp, rdpid, f16c, cet_ss
Processor Information for processor 0
  Max Mhz: 3301, Current Mhz: 3273, Mhz Limit: 3301
Processor Information for processor 1
  Max Mhz: 3301, Current Mhz: 2008, Mhz Limit: 3301
Processor Information for processor 2
  Max Mhz: 3301, Current Mhz: 3273, Mhz Limit: 3301
Processor Information for processor 3
  Max Mhz: 3301, Current Mhz: 2008, Mhz Limit: 3301
Processor Information for processor 4
  Max Mhz: 3301, Current Mhz: 3273, Mhz Limit: 3301
Processor Information for processor 5
  Max Mhz: 3301, Current Mhz: 3273, Mhz Limit: 3301
Processor Information for processor 6
  Max Mhz: 3301, Current Mhz: 3273, Mhz Limit: 3301
Processor Information for processor 7
  Max Mhz: 3301, Current Mhz: 3273, Mhz Limit: 3301
Processor Information for processor 8
  Max Mhz: 3301, Current Mhz: 3273, Mhz Limit: 3301
Processor Information for processor 9
  Max Mhz: 3301, Current Mhz: 3273, Mhz Limit: 3301
Processor Information for processor 10
  Max Mhz: 3301, Current Mhz: 3273, Mhz Limit: 3301
Processor Information for processor 11
  Max Mhz: 3301, Current Mhz: 3273, Mhz Limit: 3301

Memory: 4k page, system-wide physical 15556M (602M free)
TotalPageFile size 32180M (AvailPageFile size 28M)
current process WorkingSet (physical memory assigned to process): 242M, peak: 249M
current process commit charge ("private bytes"): 283M, peak: 378M

vm_info: OpenJDK 64-Bit Server VM (21.0.8+-14196175-b1038.72) for windows-amd64 JRE (21.0.8+-14196175-b1038.72), built on 2025-10-01T10:24:33Z by "builder" with MS VC++ 16.10 / 16.11 (VS2019)

END.
